"D:/UE/UE_Projects/Pathogenesis/Content/Textures/545Mag.uasset" 0
"D:/UE/UE_Projects/Pathogenesis/Content/Textures/545Mag.uexp" 1
"D:/UE/UE_Projects/Pathogenesis/Content/Textures/556Mag.uasset" 2
"D:/UE/UE_Projects/Pathogenesis/Content/Textures/556Mag.uexp" 3
"D:/UE/UE_Projects/Pathogenesis/Content/Textures/9mmMag.uasset" 4
"D:/UE/UE_Projects/Pathogenesis/Content/Textures/9mmMag.uexp" 5
"D:/UE/UE_Projects/Pathogenesis/Content/Textures/AK-SU.uasset" 6
"D:/UE/UE_Projects/Pathogenesis/Content/Textures/AK-SU.uexp" 7
"D:/UE/UE_Projects/Pathogenesis/Content/Textures/m16.uasset" 8
"D:/UE/UE_Projects/Pathogenesis/Content/Textures/m16.uexp" 9
"D:/UE/UE_Projects/Pathogenesis/Content/Textures/Uzi.uasset" 10
"D:/UE/UE_Projects/Pathogenesis/Content/Textures/Uzi.uexp" 11
"../../../Engine/Content/Functions/Engine_MaterialFunctions01/Density/ExponentialDensity.uasset" 12
"../../../Engine/Content/Functions/Engine_MaterialFunctions01/Density/ExponentialDensity.uexp" 13
"../../../Engine/Content/Functions/Engine_MaterialFunctions01/Gradient/RadialGradientExponential.uasset" 14
"../../../Engine/Content/Functions/Engine_MaterialFunctions01/Gradient/RadialGradientExponential.uexp" 15
"D:/UE/UE_Projects/Pathogenesis/Content/TopDownCPP/Blueprints/M_Cursor_Decal.uasset" 16
"D:/UE/UE_Projects/Pathogenesis/Content/TopDownCPP/Blueprints/M_Cursor_Decal.uexp" 17
"../../../Engine/Content/Functions/Engine_MaterialFunctions01/Opacity/CameraDepthFade.uasset" 18
"../../../Engine/Content/Functions/Engine_MaterialFunctions01/Opacity/CameraDepthFade.uexp" 19
"../../../Engine/Content/EngineMaterials/T_Default_Material_Grid_N.uasset" 20
"../../../Engine/Content/EngineMaterials/T_Default_Material_Grid_N.uexp" 21
"../../../Engine/Content/EngineMaterials/T_Default_Material_Grid_N.ubulk" 22
"../../../Engine/Content/EngineMaterials/T_Default_Material_Grid_M.uasset" 23
"../../../Engine/Content/EngineMaterials/T_Default_Material_Grid_M.uexp" 24
"../../../Engine/Content/EngineMaterials/T_Default_Material_Grid_M.ubulk" 25
"../../../Engine/Content/EngineMaterials/WorldGridMaterial.uasset" 26
"../../../Engine/Content/EngineMaterials/WorldGridMaterial.uexp" 27
"../../../Engine/Content/ArtTools/RenderToTexture/Meshes/S_1_Unit_Plane.uasset" 28
"../../../Engine/Content/ArtTools/RenderToTexture/Meshes/S_1_Unit_Plane.uexp" 29
"../../../Engine/Content/EngineMaterials/DefaultMaterial.uasset" 30
"../../../Engine/Content/EngineMaterials/DefaultMaterial.uexp" 31
"../../../Engine/Content/BasicShapes/Cone.uasset" 32
"../../../Engine/Content/BasicShapes/Cone.uexp" 33
"../../../Engine/Content/BasicShapes/Sphere.uasset" 34
"../../../Engine/Content/BasicShapes/Sphere.uexp" 35
"../../../Engine/Content/EditorLandscapeResources/DataLayer.uasset" 36
"../../../Engine/Content/EditorLandscapeResources/DataLayer.uexp" 37
"../../../Engine/Content/EditorLandscapeResources/DefaultAlphaTexture.uasset" 38
"../../../Engine/Content/EditorLandscapeResources/DefaultAlphaTexture.uexp" 39
"../../../Engine/Content/EditorMaterials/MAT_Groups_Toggle.uasset" 40
"../../../Engine/Content/EditorMaterials/MAT_Groups_Toggle.uexp" 41
"../../../Engine/Content/EditorMaterials/MAT_Groups_Visibility.uasset" 42
"../../../Engine/Content/EditorMaterials/MAT_Groups_Visibility.uexp" 43
"../../../Engine/Content/EditorMaterials/PreviewShadowIndicator.uasset" 44
"../../../Engine/Content/EditorMaterials/PreviewShadowIndicator.uexp" 45
"../../../Engine/Content/EditorMaterials/PreviewShadowIndicator.ubulk" 46
"../../../Engine/Content/EditorMaterials/PreviewShadowIndicatorMaterial.uasset" 47
"../../../Engine/Content/EditorMaterials/PreviewShadowIndicatorMaterial.uexp" 48
"../../../Engine/Content/EditorMaterials/MatineeGroups/MAT_ColorTrack.uasset" 49
"../../../Engine/Content/EditorMaterials/MatineeGroups/MAT_ColorTrack.uexp" 50
"../../../Engine/Content/EditorMaterials/MatineeGroups/MAT_Groups_Anim.uasset" 51
"../../../Engine/Content/EditorMaterials/MatineeGroups/MAT_Groups_Anim.uexp" 52
"../../../Engine/Content/EditorMaterials/MatineeGroups/MAT_Groups_AudioMaster.uasset" 53
"../../../Engine/Content/EditorMaterials/MatineeGroups/MAT_Groups_AudioMaster.uexp" 54
"../../../Engine/Content/EditorMaterials/MatineeGroups/MAT_Groups_Director.uasset" 55
"../../../Engine/Content/EditorMaterials/MatineeGroups/MAT_Groups_Director.uexp" 56
"../../../Engine/Content/EditorMaterials/MatineeGroups/MAT_Groups_Event.uasset" 57
"../../../Engine/Content/EditorMaterials/MatineeGroups/MAT_Groups_Event.uexp" 58
"../../../Engine/Content/EditorMaterials/MatineeGroups/MAT_Groups_Fade.uasset" 59
"../../../Engine/Content/EditorMaterials/MatineeGroups/MAT_Groups_Fade.uexp" 60
"../../../Engine/Content/EditorMaterials/MatineeGroups/MAT_Groups_Float.uasset" 61
"../../../Engine/Content/EditorMaterials/MatineeGroups/MAT_Groups_Float.uexp" 62
"../../../Engine/Content/EditorMaterials/MatineeGroups/MAT_Groups_Move.uasset" 63
"../../../Engine/Content/EditorMaterials/MatineeGroups/MAT_Groups_Move.uexp" 64
"../../../Engine/Content/EditorMaterials/MatineeGroups/MAT_Groups_Slomo.uasset" 65
"../../../Engine/Content/EditorMaterials/MatineeGroups/MAT_Groups_Slomo.uexp" 66
"../../../Engine/Content/EditorMaterials/MatineeGroups/MAT_Groups_Sound.uasset" 67
"../../../Engine/Content/EditorMaterials/MatineeGroups/MAT_Groups_Sound.uexp" 68
"../../../Engine/Content/EditorMaterials/MatineeGroups/MAT_Groups_Vector.uasset" 69
"../../../Engine/Content/EditorMaterials/MatineeGroups/MAT_Groups_Vector.uexp" 70
"../../../Engine/Content/EditorMaterials/ParticleSystems/PSysThumbnail_NoImage.uasset" 71
"../../../Engine/Content/EditorMaterials/ParticleSystems/PSysThumbnail_NoImage.uexp" 72
"../../../Engine/Content/EditorMaterials/ParticleSystems/PSysThumbnail_NoImage.ubulk" 73
"../../../Engine/Content/EditorMaterials/ParticleSystems/PSysThumbnail_OOD.uasset" 74
"../../../Engine/Content/EditorMaterials/ParticleSystems/PSysThumbnail_OOD.uexp" 75
"../../../Engine/Content/EditorMaterials/ParticleSystems/PSysThumbnail_OOD.ubulk" 76
"../../../Engine/Content/EditorMaterials/Camera/CineMat.uasset" 77
"../../../Engine/Content/EditorMaterials/Camera/CineMat.uexp" 78
"../../../Engine/Content/EditorMaterials/Camera/MI_CineMat_Rig.uasset" 79
"../../../Engine/Content/EditorMaterials/Camera/MI_CineMat_Rig.uexp" 80
"../../../Engine/Content/EditorMeshes/Camera/SM_CraneRig_Arm.uasset" 81
"../../../Engine/Content/EditorMeshes/Camera/SM_CraneRig_Arm.uexp" 82
"../../../Engine/Content/EditorMeshes/Camera/SM_CraneRig_Base.uasset" 83
"../../../Engine/Content/EditorMeshes/Camera/SM_CraneRig_Base.uexp" 84
"../../../Engine/Content/EditorMeshes/Camera/SM_CraneRig_Body.uasset" 85
"../../../Engine/Content/EditorMeshes/Camera/SM_CraneRig_Body.uexp" 86
"../../../Engine/Content/EditorMeshes/Camera/SM_CraneRig_Mount.uasset" 87
"../../../Engine/Content/EditorMeshes/Camera/SM_CraneRig_Mount.uexp" 88
"../../../Engine/Content/EditorMeshes/Camera/SM_RailRig_Mount.uasset" 89
"../../../Engine/Content/EditorMeshes/Camera/SM_RailRig_Mount.uexp" 90
"../../../Engine/Content/EditorMeshes/Camera/SM_RailRig_Track.uasset" 91
"../../../Engine/Content/EditorMeshes/Camera/SM_RailRig_Track.uexp" 92
"../../../Engine/Content/EditorResources/BSPVertex.uasset" 93
"../../../Engine/Content/EditorResources/BSPVertex.uexp" 94
"../../../Engine/Content/EditorResources/EmptyActor.uasset" 95
"../../../Engine/Content/EditorResources/EmptyActor.uexp" 96
"../../../Engine/Content/EditorResources/S_Actor.uasset" 97
"../../../Engine/Content/EditorResources/S_Actor.uexp" 98
"../../../Engine/Content/EditorResources/S_Actor.ubulk" 99
"../../../Engine/Content/EditorResources/S_Note.uasset" 100
"../../../Engine/Content/EditorResources/S_Note.uexp" 101
"../../../Engine/Content/EditorResources/S_Note.ubulk" 102
"../../../Engine/Content/EditorResources/S_Solver.uasset" 103
"../../../Engine/Content/EditorResources/S_Solver.uexp" 104
"../../../Engine/Content/EditorResources/S_Solver.ubulk" 105
"../../../Engine/Content/EditorResources/S_Terrain.uasset" 106
"../../../Engine/Content/EditorResources/S_Terrain.uexp" 107
"../../../Engine/Content/EditorResources/S_Terrain.ubulk" 108
"../../../Engine/Content/EditorResources/S_Trigger.uasset" 109
"../../../Engine/Content/EditorResources/S_Trigger.uexp" 110
"../../../Engine/Content/EditorResources/S_Trigger.ubulk" 111
"../../../Engine/Content/EditorResources/SequenceRecorder/Countdown.uasset" 112
"../../../Engine/Content/EditorResources/SequenceRecorder/Countdown.uexp" 113
"../../../Engine/Content/EditorResources/SequenceRecorder/RecordingIndicator.uasset" 114
"../../../Engine/Content/EditorResources/SequenceRecorder/RecordingIndicator.uexp" 115
"../../../Engine/Content/EngineDamageTypes/DmgTypeBP_Environmental.uasset" 116
"../../../Engine/Content/EngineDamageTypes/DmgTypeBP_Environmental.uexp" 117
"../../../Engine/Content/EngineDebugMaterials/DebugEditorMaterial.uasset" 118
"../../../Engine/Content/EngineDebugMaterials/DebugEditorMaterial.uexp" 119
"../../../Engine/Content/EngineDebugMaterials/DebugMeshMaterial.uasset" 120
"../../../Engine/Content/EngineDebugMaterials/DebugMeshMaterial.uexp" 121
"../../../Engine/Content/EngineDebugMaterials/M_SimpleUnlitTranslucent.uasset" 122
"../../../Engine/Content/EngineDebugMaterials/M_SimpleUnlitTranslucent.uexp" 123
"../../../Engine/Content/EngineDebugMaterials/VolumeToRender.uasset" 124
"../../../Engine/Content/EngineDebugMaterials/VolumeToRender.uexp" 125
"../../../Engine/Content/Functions/Engine_MaterialFunctions02/Utility/CameraDirectionVector.uasset" 126
"../../../Engine/Content/Functions/Engine_MaterialFunctions02/Utility/CameraDirectionVector.uexp" 127
"../../../Engine/Content/EngineDebugMaterials/M_VolumeRenderSphereTracePP.uasset" 128
"../../../Engine/Content/EngineDebugMaterials/M_VolumeRenderSphereTracePP.uexp" 129
"../../../Engine/Content/Functions/Engine_MaterialFunctions01/Shading/ConvertFromDiffSpec.uasset" 130
"../../../Engine/Content/Functions/Engine_MaterialFunctions01/Shading/ConvertFromDiffSpec.uexp" 131
"../../../Engine/Content/EngineDebugMaterials/VertexColorMaterial.uasset" 132
"../../../Engine/Content/EngineDebugMaterials/VertexColorMaterial.uexp" 133
"../../../Engine/Content/EngineDebugMaterials/WireframeMaterial.uasset" 134
"../../../Engine/Content/EngineDebugMaterials/WireframeMaterial.uexp" 135
"../../../Engine/Content/EngineFonts/Faces/RobotoRegular.uasset" 136
"../../../Engine/Content/EngineFonts/Faces/RobotoRegular.uexp" 137
"../../../Engine/Content/EngineFonts/Faces/RobotoRegular.ufont" 138
"../../../Engine/Content/EngineFonts/Faces/RobotoLight.uasset" 139
"../../../Engine/Content/EngineFonts/Faces/RobotoLight.uexp" 140
"../../../Engine/Content/EngineFonts/Faces/RobotoLight.ufont" 141
"../../../Engine/Content/EngineFonts/Faces/RobotoItalic.uasset" 142
"../../../Engine/Content/EngineFonts/Faces/RobotoItalic.uexp" 143
"../../../Engine/Content/EngineFonts/Faces/RobotoItalic.ufont" 144
"../../../Engine/Content/EngineFonts/Faces/RobotoBoldItalic.uasset" 145
"../../../Engine/Content/EngineFonts/Faces/RobotoBoldItalic.uexp" 146
"../../../Engine/Content/EngineFonts/Faces/RobotoBoldItalic.ufont" 147
"../../../Engine/Content/EngineFonts/Faces/RobotoBold.uasset" 148
"../../../Engine/Content/EngineFonts/Faces/RobotoBold.uexp" 149
"../../../Engine/Content/EngineFonts/Faces/RobotoBold.ufont" 150
"../../../Engine/Content/EngineFonts/Faces/DroidSansFallback.uasset" 151
"../../../Engine/Content/EngineFonts/Faces/DroidSansFallback.uexp" 152
"../../../Engine/Content/EngineFonts/Faces/DroidSansFallback.ufont" 153
"../../../Engine/Content/EngineFonts/Roboto.uasset" 154
"../../../Engine/Content/EngineFonts/Roboto.uexp" 155
"../../../Engine/Content/EngineMaterials/BaseFlattenNormalMap.uasset" 156
"../../../Engine/Content/EngineMaterials/BaseFlattenNormalMap.uexp" 157
"../../../Engine/Content/EngineMaterials/BaseFlattenGrayscaleMap.uasset" 158
"../../../Engine/Content/EngineMaterials/BaseFlattenGrayscaleMap.uexp" 159
"../../../Engine/Content/EngineMaterials/BaseFlattenEmissiveMap.uasset" 160
"../../../Engine/Content/EngineMaterials/BaseFlattenEmissiveMap.uexp" 161
"../../../Engine/Content/EngineMaterials/BaseFlattenDiffuseMap.uasset" 162
"../../../Engine/Content/EngineMaterials/BaseFlattenDiffuseMap.uexp" 163
"../../../Engine/Content/EngineMaterials/BaseFlattenMaterial.uasset" 164
"../../../Engine/Content/EngineMaterials/BaseFlattenMaterial.uexp" 165
"../../../Engine/Content/EngineMaterials/BlueNoise.uasset" 166
"../../../Engine/Content/EngineMaterials/BlueNoise.uexp" 167
"../../../Engine/Content/EngineMaterials/DefaultBloomKernel.uasset" 168
"../../../Engine/Content/EngineMaterials/DefaultBloomKernel.uexp" 169
"../../../Engine/Content/EngineMaterials/DefaultBokeh.uasset" 170
"../../../Engine/Content/EngineMaterials/DefaultBokeh.uexp" 171
"../../../Engine/Content/EngineMaterials/DefaultDiffuse.uasset" 172
"../../../Engine/Content/EngineMaterials/DefaultDiffuse.uexp" 173
"../../../Engine/Content/EngineMaterials/DefaultDiffuse.ubulk" 174
"../../../Engine/Content/EngineMaterials/DefaultDeferredDecalMaterial.uasset" 175
"../../../Engine/Content/EngineMaterials/DefaultDeferredDecalMaterial.uexp" 176
"../../../Engine/Content/EngineMaterials/DefaultLightFunctionMaterial.uasset" 177
"../../../Engine/Content/EngineMaterials/DefaultLightFunctionMaterial.uexp" 178
"../../../Engine/Content/EngineMaterials/DefaultPhysicalMaterial.uasset" 179
"../../../Engine/Content/EngineMaterials/DefaultPhysicalMaterial.uexp" 180
"../../../Engine/Content/Functions/Engine_MaterialFunctions02/Utility/BreakOutFloat2Components.uasset" 181
"../../../Engine/Content/Functions/Engine_MaterialFunctions02/Utility/BreakOutFloat2Components.uexp" 182
"../../../Engine/Content/EngineMaterials/DefaultPostProcessMaterial.uasset" 183
"../../../Engine/Content/EngineMaterials/DefaultPostProcessMaterial.uexp" 184
"../../../Engine/Content/EngineFonts/RobotoDistanceField.uasset" 185
"../../../Engine/Content/EngineFonts/RobotoDistanceField.uexp" 186
"../../../Engine/Content/EngineMaterials/DefaultTextMaterialOpaque.uasset" 187
"../../../Engine/Content/EngineMaterials/DefaultTextMaterialOpaque.uexp" 188
"../../../Engine/Content/EngineMaterials/DefaultWhiteGrid.uasset" 189
"../../../Engine/Content/EngineMaterials/DefaultWhiteGrid.uexp" 190
"../../../Engine/Content/EngineMaterials/DefaultWhiteGrid.ubulk" 191
"../../../Engine/Content/EngineMaterials/DefCube_Face.uasset" 192
"../../../Engine/Content/EngineMaterials/DefCube_Face.uexp" 193
"../../../Engine/Content/EngineMaterials/DefaultWhiteGrid_Low.uasset" 194
"../../../Engine/Content/EngineMaterials/DefaultWhiteGrid_Low.uexp" 195
"../../../Engine/Content/EngineMaterials/EmissiveMeshMaterial.uasset" 196
"../../../Engine/Content/EngineMaterials/EmissiveMeshMaterial.uexp" 197
"../../../Engine/Content/EngineMaterials/GizmoMaterial.uasset" 198
"../../../Engine/Content/EngineMaterials/GizmoMaterial.uexp" 199
"../../../Engine/Content/EngineMaterials/Good64x64TilingNoiseHighFreq.uasset" 200
"../../../Engine/Content/EngineMaterials/Good64x64TilingNoiseHighFreq.uexp" 201
"../../../Engine/Content/EngineMaterials/MiniFont.uasset" 202
"../../../Engine/Content/EngineMaterials/MiniFont.uexp" 203
"../../../Engine/Content/EngineMaterials/InvalidLightmapSettings.uasset" 204
"../../../Engine/Content/EngineMaterials/InvalidLightmapSettings.uexp" 205
"../../../Engine/Content/EngineMaterials/InvalidLightmapSettings.ubulk" 206
"../../../Engine/Content/EngineMaterials/M_InvalidLightmapSettings.uasset" 207
"../../../Engine/Content/EngineMaterials/M_InvalidLightmapSettings.uexp" 208
"../../../Engine/Content/Functions/Engine_MaterialFunctions02/WorldPositionOffset/CameraOffset.uasset" 209
"../../../Engine/Content/Functions/Engine_MaterialFunctions02/WorldPositionOffset/CameraOffset.uexp" 210
"../../../Engine/Content/EngineMaterials/PhAT_JointLimitMaterial.uasset" 211
"../../../Engine/Content/EngineMaterials/PhAT_JointLimitMaterial.uexp" 212
"../../../Engine/Content/EngineMaterials/DefaultCalibrationColor.uasset" 213
"../../../Engine/Content/EngineMaterials/DefaultCalibrationColor.uexp" 214
"../../../Engine/Content/EngineMaterials/PPM_DefaultCalibrationColor.uasset" 215
"../../../Engine/Content/EngineMaterials/PPM_DefaultCalibrationColor.uexp" 216
"../../../Engine/Content/EngineMaterials/DefaultCalibrationGrayscale.uasset" 217
"../../../Engine/Content/EngineMaterials/DefaultCalibrationGrayscale.uexp" 218
"../../../Engine/Content/EngineMaterials/PPM_DefaultCalibrationGrayscale.uasset" 219
"../../../Engine/Content/EngineMaterials/PPM_DefaultCalibrationGrayscale.uexp" 220
"../../../Engine/Content/EngineMaterials/PreintegratedSkinBRDF.uasset" 221
"../../../Engine/Content/EngineMaterials/PreintegratedSkinBRDF.uexp" 222
"../../../Engine/Content/EngineMaterials/RemoveSurfaceMaterial.uasset" 223
"../../../Engine/Content/EngineMaterials/RemoveSurfaceMaterial.uexp" 224
"../../../Engine/Content/EngineMaterials/WeightMapPlaceholderTexture.uasset" 225
"../../../Engine/Content/EngineMaterials/WeightMapPlaceholderTexture.uexp" 226
"../../../Engine/Content/EngineResources/WhiteSquareTexture.uasset" 227
"../../../Engine/Content/EngineResources/WhiteSquareTexture.uexp" 228
"../../../Engine/Content/EngineMaterials/Widget3DPassThrough.uasset" 229
"../../../Engine/Content/EngineMaterials/Widget3DPassThrough.uexp" 230
"../../../Engine/Content/EngineMaterials/Widget3DPassThrough_Masked.uasset" 231
"../../../Engine/Content/EngineMaterials/Widget3DPassThrough_Masked.uexp" 232
"../../../Engine/Content/EngineMaterials/Widget3DPassThrough_Opaque.uasset" 233
"../../../Engine/Content/EngineMaterials/Widget3DPassThrough_Opaque.uexp" 234
"../../../Engine/Content/EngineMaterials/Widget3DPassThrough_Masked_OneSided.uasset" 235
"../../../Engine/Content/EngineMaterials/Widget3DPassThrough_Masked_OneSided.uexp" 236
"../../../Engine/Content/EngineMaterials/Widget3DPassThrough_Opaque_OneSided.uasset" 237
"../../../Engine/Content/EngineMaterials/Widget3DPassThrough_Opaque_OneSided.uexp" 238
"../../../Engine/Content/EngineMaterials/Widget3DPassThrough_Translucent.uasset" 239
"../../../Engine/Content/EngineMaterials/Widget3DPassThrough_Translucent.uexp" 240
"../../../Engine/Content/EngineMaterials/Widget3DPassThrough_Translucent_OneSided.uasset" 241
"../../../Engine/Content/EngineMaterials/Widget3DPassThrough_Translucent_OneSided.uexp" 242
"../../../Engine/Content/EngineMeshes/Cylinder.uasset" 243
"../../../Engine/Content/EngineMeshes/Cylinder.uexp" 244
"../../../Engine/Content/EngineMeshes/Sphere.uasset" 245
"../../../Engine/Content/EngineMeshes/Sphere.uexp" 246
"../../../Engine/Content/EngineResources/AICON-Green_Low.uasset" 247
"../../../Engine/Content/EngineResources/AICON-Green_Low.uexp" 248
"../../../Engine/Content/EngineResources/AICON-Red_Low.uasset" 249
"../../../Engine/Content/EngineResources/AICON-Red_Low.uexp" 250
"../../../Engine/Content/EngineResources/DefaultTexture.uasset" 251
"../../../Engine/Content/EngineResources/DefaultTexture.uexp" 252
"../../../Engine/Content/EngineResources/DefaultTexture.ubulk" 253
"../../../Engine/Content/EngineResources/DefaultTextureCube.uasset" 254
"../../../Engine/Content/EngineResources/DefaultTextureCube.uexp" 255
"../../../Engine/Content/EngineResources/DefaultVolumeTexture2D.uasset" 256
"../../../Engine/Content/EngineResources/DefaultVolumeTexture2D.uexp" 257
"../../../Engine/Content/EngineResources/DefaultVolumeTexture.uasset" 258
"../../../Engine/Content/EngineResources/DefaultVolumeTexture.uexp" 259
"../../../Engine/Content/EngineResources/GradientTexture0.uasset" 260
"../../../Engine/Content/EngineResources/GradientTexture0.uexp" 261
"../../../Engine/Content/EngineSky/VolumetricClouds/T_NoiseShape64.uasset" 262
"../../../Engine/Content/EngineSky/VolumetricClouds/T_NoiseShape64.uexp" 263
"../../../Engine/Content/EngineSky/VolumetricClouds/T_NoiseShape64.ubulk" 264
"../../../Engine/Content/EngineSky/VolumetricClouds/T_VolumeNoiseShape64.uasset" 265
"../../../Engine/Content/EngineSky/VolumetricClouds/T_VolumeNoiseShape64.uexp" 266
"../../../Engine/Content/EngineSky/VolumetricClouds/T_NoiseErosion.uasset" 267
"../../../Engine/Content/EngineSky/VolumetricClouds/T_NoiseErosion.uexp" 268
"../../../Engine/Content/EngineSky/VolumetricClouds/T_NoiseErosion.ubulk" 269
"../../../Engine/Content/EngineSky/VolumetricClouds/T_VolumeNoiseErosion32.uasset" 270
"../../../Engine/Content/EngineSky/VolumetricClouds/T_VolumeNoiseErosion32.uexp" 271
"../../../Engine/Content/EngineSky/VolumetricClouds/CloudWeatherTexture.uasset" 272
"../../../Engine/Content/EngineSky/VolumetricClouds/CloudWeatherTexture.uexp" 273
"../../../Engine/Content/EngineSky/VolumetricClouds/CloudGradientTexture.uasset" 274
"../../../Engine/Content/EngineSky/VolumetricClouds/CloudGradientTexture.uexp" 275
"../../../Engine/Content/Functions/Engine_MaterialFunctions02/Utility/MakeFloat2.uasset" 276
"../../../Engine/Content/Functions/Engine_MaterialFunctions02/Utility/MakeFloat2.uexp" 277
"../../../Engine/Content/EngineSky/VolumetricClouds/m_SimpleVolumetricCloud.uasset" 278
"../../../Engine/Content/EngineSky/VolumetricClouds/m_SimpleVolumetricCloud.uexp" 279
"../../../Engine/Content/EngineSky/VolumetricClouds/m_SimpleVolumetricCloud_Inst.uasset" 280
"../../../Engine/Content/EngineSky/VolumetricClouds/m_SimpleVolumetricCloud_Inst.uexp" 281
"../../../Engine/Content/EngineSounds/Master.uasset" 282
"../../../Engine/Content/EngineSounds/Master.uexp" 283
"../../../Engine/Content/Functions/Engine_MaterialFunctions01/Shading/PowerToRoughness.uasset" 284
"../../../Engine/Content/Functions/Engine_MaterialFunctions01/Shading/PowerToRoughness.uexp" 285
"../../../Engine/Content/Maps/Templates/Thumbnails/Default.uasset" 286
"../../../Engine/Content/Maps/Templates/Thumbnails/Default.uexp" 287
"../../../Engine/Content/Maps/Templates/Thumbnails/TimeOfDay.uasset" 288
"../../../Engine/Content/Maps/Templates/Thumbnails/TimeOfDay.uexp" 289
"../../../Engine/Content/Maps/Templates/Thumbnails/VR-Basic.uasset" 290
"../../../Engine/Content/Maps/Templates/Thumbnails/VR-Basic.uexp" 291
"../../../Engine/Content/MobileResources/T_MobileControls_texture.uasset" 292
"../../../Engine/Content/MobileResources/T_MobileControls_texture.uexp" 293
"../../../Engine/Content/MobileResources/T_MobileMenu2.uasset" 294
"../../../Engine/Content/MobileResources/T_MobileMenu2.uexp" 295
"../../../Engine/Content/MobileResources/HUD/AnalogHat.uasset" 296
"../../../Engine/Content/MobileResources/HUD/AnalogHat.uexp" 297
"../../../Engine/Content/MobileResources/HUD/VirtualJoystick_Thumb.uasset" 298
"../../../Engine/Content/MobileResources/HUD/VirtualJoystick_Thumb.uexp" 299
"../../../Engine/Content/MobileResources/HUD/VirtualJoystick_Background.uasset" 300
"../../../Engine/Content/MobileResources/HUD/VirtualJoystick_Background.uexp" 301
"../../../Engine/Content/MobileResources/HUD/DefaultVirtualJoysticks.uasset" 302
"../../../Engine/Content/MobileResources/HUD/DefaultVirtualJoysticks.uexp" 303
"../../../Engine/Content/MobileResources/HUD/LeftVirtualJoystickOnly.uasset" 304
"../../../Engine/Content/MobileResources/HUD/LeftVirtualJoystickOnly.uexp" 305
"../../../Engine/Content/MobileResources/HUD/MobileHUDButton1_off.uasset" 306
"../../../Engine/Content/MobileResources/HUD/MobileHUDButton1_off.uexp" 307
"../../../Engine/Content/MobileResources/HUD/MobileHUDButton1_on.uasset" 308
"../../../Engine/Content/MobileResources/HUD/MobileHUDButton1_on.uexp" 309
"../../../Engine/Content/MobileResources/HUD/MobileHUDButton2_off.uasset" 310
"../../../Engine/Content/MobileResources/HUD/MobileHUDButton2_off.uexp" 311
"../../../Engine/Content/MobileResources/HUD/MobileHUDButton2_on.uasset" 312
"../../../Engine/Content/MobileResources/HUD/MobileHUDButton2_on.uexp" 313
"../../../Engine/Content/MobileResources/HUD/MobileHUDButton3.uasset" 314
"../../../Engine/Content/MobileResources/HUD/MobileHUDButton3.uexp" 315
"../../../Engine/Content/MobileResources/HUD/MobileHUDButtonFire.uasset" 316
"../../../Engine/Content/MobileResources/HUD/MobileHUDButtonFire.uexp" 317
"../../../Engine/Content/MobileResources/HUD/MobileHUDDirectionPad.uasset" 318
"../../../Engine/Content/MobileResources/HUD/MobileHUDDirectionPad.uexp" 319
"../../../Engine/Content/MobileResources/HUD/MobileHUDDirectionPad2.uasset" 320
"../../../Engine/Content/MobileResources/HUD/MobileHUDDirectionPad2.uexp" 321
"../../../Engine/Content/MobileResources/HUD/MobileHUDDirectionPad3.uasset" 322
"../../../Engine/Content/MobileResources/HUD/MobileHUDDirectionPad3.uexp" 323
"../../../Engine/Content/MobileResources/HUD/MobileHUDDirectionStick.uasset" 324
"../../../Engine/Content/MobileResources/HUD/MobileHUDDirectionStick.uexp" 325
"../../../Engine/Content/MobileResources/HUD/T_Castle_ThumbstickInner.uasset" 326
"../../../Engine/Content/MobileResources/HUD/T_Castle_ThumbstickInner.uexp" 327
"../../../Engine/Content/MobileResources/HUD/T_Castle_ThumbstickOutter.uasset" 328
"../../../Engine/Content/MobileResources/HUD/T_Castle_ThumbstickOutter.uexp" 329
"../../../Engine/Content/Tutorial/ContentIntroCurve.uasset" 330
"../../../Engine/Content/Tutorial/ContentIntroCurve.uexp" 331
"../../../Engine/Content/Tutorial/Basics/TutorialAssets/icon_tab_Levels_40x.uasset" 332
"../../../Engine/Content/Tutorial/Basics/TutorialAssets/icon_tab_Levels_40x.uexp" 333
"../../../Engine/Content/Tutorial/BlueprintTutorials/TutorialAssets/Blueprint_64x.uasset" 334
"../../../Engine/Content/Tutorial/BlueprintTutorials/TutorialAssets/Blueprint_64x.uexp" 335
"../../../Engine/Content/VREditor/LaserPointer/VR_LaserPower_01.uasset" 336
"../../../Engine/Content/VREditor/LaserPointer/VR_LaserPower_01.uexp" 337
"../../../Engine/Content/VREditor/LaserPointer/VR_LaserPower_01.ubulk" 338
"../../../Engine/Content/VREditor/TransformGizmo/TransformGizmoMaterial.uasset" 339
"../../../Engine/Content/VREditor/TransformGizmo/TransformGizmoMaterial.uexp" 340
"../../../Engine/Content/VREditor/TransformGizmo/TranslucentTransformGizmoMaterial.uasset" 341
"../../../Engine/Content/VREditor/TransformGizmo/TranslucentTransformGizmoMaterial.uexp" 342
"../../../Engine/Content/VREditor/TransformGizmo/BoundingBoxCorner.uasset" 343
"../../../Engine/Content/VREditor/TransformGizmo/BoundingBoxCorner.uexp" 344
"../../../Engine/Content/VREditor/TransformGizmo/BoundingBoxEdge.uasset" 345
"../../../Engine/Content/VREditor/TransformGizmo/BoundingBoxEdge.uexp" 346
"../../../Engine/Content/VREditor/TransformGizmo/PlaneTranslationHandle.uasset" 347
"../../../Engine/Content/VREditor/TransformGizmo/PlaneTranslationHandle.uexp" 348
"../../../Engine/Content/VREditor/TransformGizmo/Xray.uasset" 349
"../../../Engine/Content/VREditor/TransformGizmo/Xray.uexp" 350
"../../../Engine/Content/VREditor/TransformGizmo/Main.uasset" 351
"../../../Engine/Content/VREditor/TransformGizmo/Main.uexp" 352
"../../../Engine/Content/VREditor/TransformGizmo/SM_Sequencer_Key.uasset" 353
"../../../Engine/Content/VREditor/TransformGizmo/SM_Sequencer_Key.uexp" 354
"../../../Engine/Content/VREditor/TransformGizmo/SM_Sequencer_Node.uasset" 355
"../../../Engine/Content/VREditor/TransformGizmo/SM_Sequencer_Node.uexp" 356
"../../../Engine/Plugins/2D/Paper2D/Content/PlaceholderTextures/DummySpriteTexture.uasset" 357
"../../../Engine/Plugins/2D/Paper2D/Content/PlaceholderTextures/DummySpriteTexture.uexp" 358
"../../../Engine/Plugins/2D/Paper2D/Content/PlaceholderTextures/DummySpriteTexture.ubulk" 359
"../../../Engine/Plugins/2D/Paper2D/Content/DummySprite.uasset" 360
"../../../Engine/Plugins/2D/Paper2D/Content/DummySprite.uexp" 361
"../../../Engine/Plugins/2D/Paper2D/Content/DefaultPaperTerrainMaterial.uasset" 362
"../../../Engine/Plugins/2D/Paper2D/Content/DefaultPaperTerrainMaterial.uexp" 363
"../../../Engine/Plugins/2D/Paper2D/Content/DefaultSpriteMaterial.uasset" 364
"../../../Engine/Plugins/2D/Paper2D/Content/DefaultSpriteMaterial.uexp" 365
"../../../Engine/Plugins/2D/Paper2D/Content/MaskedUnlitSpriteMaterial.uasset" 366
"../../../Engine/Plugins/2D/Paper2D/Content/MaskedUnlitSpriteMaterial.uexp" 367
"../../../Engine/Plugins/2D/Paper2D/Content/OpaqueUnlitSpriteMaterial.uasset" 368
"../../../Engine/Plugins/2D/Paper2D/Content/OpaqueUnlitSpriteMaterial.uexp" 369
"../../../Engine/Content/Functions/Engine_MaterialFunctions02/Utility/BreakOutFloat3Components.uasset" 370
"../../../Engine/Content/Functions/Engine_MaterialFunctions02/Utility/BreakOutFloat3Components.uexp" 371
"../../../Engine/Plugins/Editor/SpeedTreeImporter/Content/SpeedTree9/UnpackInteger3.uasset" 372
"../../../Engine/Plugins/Editor/SpeedTreeImporter/Content/SpeedTree9/UnpackInteger3.uexp" 373
"../../../Engine/Plugins/Editor/SpeedTreeImporter/Content/SpeedTree9/UnpackDirection.uasset" 374
"../../../Engine/Plugins/Editor/SpeedTreeImporter/Content/SpeedTree9/UnpackDirection.uexp" 375
"../../../Engine/Plugins/Editor/SpeedTreeImporter/Content/SpeedTree9/game_wind_noise.uasset" 376
"../../../Engine/Plugins/Editor/SpeedTreeImporter/Content/SpeedTree9/game_wind_noise.uexp" 377
"../../../Engine/Plugins/Editor/SpeedTreeImporter/Content/SpeedTree9/game_wind_noise.ubulk" 378
"../../../Engine/Content/Functions/Engine_MaterialFunctions02/SafeNormalize.uasset" 379
"../../../Engine/Content/Functions/Engine_MaterialFunctions02/SafeNormalize.uexp" 380
"../../../Engine/Plugins/Editor/SpeedTreeImporter/Content/SpeedTree9/SpeedTreeWindMotion.uasset" 381
"../../../Engine/Plugins/Editor/SpeedTreeImporter/Content/SpeedTree9/SpeedTreeWindMotion.uexp" 382
"../../../Engine/Plugins/Editor/SpeedTreeImporter/Content/SpeedTree9/SpeedTreeBranchMotion.uasset" 383
"../../../Engine/Plugins/Editor/SpeedTreeImporter/Content/SpeedTree9/SpeedTreeBranchMotion.uexp" 384
"../../../Engine/Content/Functions/Engine_MaterialFunctions02/ObjectLocalBounds.uasset" 385
"../../../Engine/Content/Functions/Engine_MaterialFunctions02/ObjectLocalBounds.uexp" 386
"../../../Engine/Content/Functions/Engine_MaterialFunctions02/UVs/BoundingBoxBased_0-1_UVW.uasset" 387
"../../../Engine/Content/Functions/Engine_MaterialFunctions02/UVs/BoundingBoxBased_0-1_UVW.uexp" 388
"../../../Engine/Content/Functions/Engine_MaterialFunctions02/Utility/VectorLength.uasset" 389
"../../../Engine/Content/Functions/Engine_MaterialFunctions02/Utility/VectorLength.uexp" 390
"../../../Engine/Content/Functions/Engine_MaterialFunctions02/WorldPositionOffset/ObjectScale.uasset" 391
"../../../Engine/Content/Functions/Engine_MaterialFunctions02/WorldPositionOffset/ObjectScale.uexp" 392
"../../../Engine/Plugins/Editor/SpeedTreeImporter/Content/SpeedTree9/SpeedTreeWind.uasset" 393
"../../../Engine/Plugins/Editor/SpeedTreeImporter/Content/SpeedTree9/SpeedTreeWind.uexp" 394
"../../../Engine/Plugins/Editor/SpeedTreeImporter/Content/SpeedTree9/SpeedTreeBillboard.uasset" 395
"../../../Engine/Plugins/Editor/SpeedTreeImporter/Content/SpeedTree9/SpeedTreeBillboard.uexp" 396
"../../../Engine/Plugins/Editor/SpeedTreeImporter/Content/SpeedTree9/EmptyNormal.uasset" 397
"../../../Engine/Plugins/Editor/SpeedTreeImporter/Content/SpeedTree9/EmptyNormal.uexp" 398
"../../../Engine/Plugins/Editor/SpeedTreeImporter/Content/SpeedTree9/Empty.uasset" 399
"../../../Engine/Plugins/Editor/SpeedTreeImporter/Content/SpeedTree9/Empty.uexp" 400
"../../../Engine/Plugins/Editor/SpeedTreeImporter/Content/SpeedTree9/SpeedTreeBillboardMaster.uasset" 401
"../../../Engine/Plugins/Editor/SpeedTreeImporter/Content/SpeedTree9/SpeedTreeBillboardMaster.uexp" 402
"../../../Engine/Plugins/Editor/SpeedTreeImporter/Content/SpeedTree9/SpeedTreeCameraFacing.uasset" 403
"../../../Engine/Plugins/Editor/SpeedTreeImporter/Content/SpeedTree9/SpeedTreeCameraFacing.uexp" 404
"../../../Engine/Plugins/Editor/SpeedTreeImporter/Content/SpeedTree9/SpeedTreeMaster.uasset" 405
"../../../Engine/Plugins/Editor/SpeedTreeImporter/Content/SpeedTree9/SpeedTreeMaster.uexp" 406
"../../../Engine/Content/ArtTools/RenderToTexture/Materials/Debug/M_Emissive_Color.uasset" 407
"../../../Engine/Content/ArtTools/RenderToTexture/Materials/Debug/M_Emissive_Color.uexp" 408
"../../../Engine/Content/BasicShapes/Cylinder.uasset" 409
"../../../Engine/Content/BasicShapes/Cylinder.uexp" 410
"../../../Engine/Plugins/Lumin/MagicLeapPassableWorld/Content/MagicLeapARPinInfoActor.uasset" 411
"../../../Engine/Plugins/Lumin/MagicLeapPassableWorld/Content/MagicLeapARPinInfoActor.uexp" 412
"../../../Engine/Plugins/Runtime/OpenXR/Content/Devices/GoogleDaydream/MRTexture.uasset" 413
"../../../Engine/Plugins/Runtime/OpenXR/Content/Devices/GoogleDaydream/MRTexture.uexp" 414
"../../../Engine/Plugins/Runtime/OpenXR/Content/Devices/GoogleDaydream/MRTexture.ubulk" 415
"../../../Engine/Plugins/Runtime/OpenXR/Content/Devices/GoogleDaydream/BaseTexture.uasset" 416
"../../../Engine/Plugins/Runtime/OpenXR/Content/Devices/GoogleDaydream/BaseTexture.uexp" 417
"../../../Engine/Plugins/Runtime/OpenXR/Content/Devices/GoogleDaydream/BaseTexture.ubulk" 418
"../../../Engine/Content/EngineResources/Black.uasset" 419
"../../../Engine/Content/EngineResources/Black.uexp" 420
"../../../Engine/Plugins/Runtime/OpenXR/Content/Devices/M_XRController.uasset" 421
"../../../Engine/Plugins/Runtime/OpenXR/Content/Devices/M_XRController.uexp" 422
"../../../Engine/Plugins/Runtime/OpenXR/Content/Devices/GoogleDaydream/MI_GoogleDaydream.uasset" 423
"../../../Engine/Plugins/Runtime/OpenXR/Content/Devices/GoogleDaydream/MI_GoogleDaydream.uexp" 424
"../../../Engine/Plugins/Runtime/OpenXR/Content/Devices/GoogleDaydream/GoogleDaydreamController.uasset" 425
"../../../Engine/Plugins/Runtime/OpenXR/Content/Devices/GoogleDaydream/GoogleDaydreamController.uexp" 426
"../../../Engine/Plugins/Runtime/OpenXR/Content/Devices/HTCVive/BaseTexture.uasset" 427
"../../../Engine/Plugins/Runtime/OpenXR/Content/Devices/HTCVive/BaseTexture.uexp" 428
"../../../Engine/Plugins/Runtime/OpenXR/Content/Devices/HTCVive/BaseTexture.ubulk" 429
"../../../Engine/Plugins/Runtime/OpenXR/Content/Devices/HTCVive/MI_HTCVive.uasset" 430
"../../../Engine/Plugins/Runtime/OpenXR/Content/Devices/HTCVive/MI_HTCVive.uexp" 431
"../../../Engine/Plugins/Runtime/OpenXR/Content/Devices/HTCVive/HTCViveController.uasset" 432
"../../../Engine/Plugins/Runtime/OpenXR/Content/Devices/HTCVive/HTCViveController.uexp" 433
"../../../Engine/Plugins/Runtime/OpenXR/Content/Devices/MicrosoftMixedReality/NormalTexture.uasset" 434
"../../../Engine/Plugins/Runtime/OpenXR/Content/Devices/MicrosoftMixedReality/NormalTexture.uexp" 435
"../../../Engine/Plugins/Runtime/OpenXR/Content/Devices/MicrosoftMixedReality/NormalTexture.ubulk" 436
"../../../Engine/Plugins/Runtime/OpenXR/Content/Devices/MicrosoftMixedReality/MRTexture.uasset" 437
"../../../Engine/Plugins/Runtime/OpenXR/Content/Devices/MicrosoftMixedReality/MRTexture.uexp" 438
"../../../Engine/Plugins/Runtime/OpenXR/Content/Devices/MicrosoftMixedReality/MRTexture.ubulk" 439
"../../../Engine/Plugins/Runtime/OpenXR/Content/Devices/MicrosoftMixedReality/EmissiveTexture.uasset" 440
"../../../Engine/Plugins/Runtime/OpenXR/Content/Devices/MicrosoftMixedReality/EmissiveTexture.uexp" 441
"../../../Engine/Plugins/Runtime/OpenXR/Content/Devices/MicrosoftMixedReality/EmissiveTexture.ubulk" 442
"../../../Engine/Plugins/Runtime/OpenXR/Content/Devices/MicrosoftMixedReality/BaseTexture.uasset" 443
"../../../Engine/Plugins/Runtime/OpenXR/Content/Devices/MicrosoftMixedReality/BaseTexture.uexp" 444
"../../../Engine/Plugins/Runtime/OpenXR/Content/Devices/MicrosoftMixedReality/BaseTexture.ubulk" 445
"../../../Engine/Plugins/Runtime/OpenXR/Content/Devices/MicrosoftMixedReality/MI_MicrosoftMixedReality.uasset" 446
"../../../Engine/Plugins/Runtime/OpenXR/Content/Devices/MicrosoftMixedReality/MI_MicrosoftMixedReality.uexp" 447
"../../../Engine/Plugins/Runtime/OpenXR/Content/Devices/MicrosoftMixedReality/Left/left_MicrosoftMixedRealityController.uasset" 448
"../../../Engine/Plugins/Runtime/OpenXR/Content/Devices/MicrosoftMixedReality/Left/left_MicrosoftMixedRealityController.uexp" 449
"../../../Engine/Plugins/Runtime/OpenXR/Content/Devices/MicrosoftMixedReality/Right/right_MicrosoftMixedRealityController.uasset" 450
"../../../Engine/Plugins/Runtime/OpenXR/Content/Devices/MicrosoftMixedReality/Right/right_MicrosoftMixedRealityController.uexp" 451
"../../../Engine/Plugins/Runtime/OpenXR/Content/Devices/OculusGo/BaseTexture.uasset" 452
"../../../Engine/Plugins/Runtime/OpenXR/Content/Devices/OculusGo/BaseTexture.uexp" 453
"../../../Engine/Plugins/Runtime/OpenXR/Content/Devices/OculusGo/BaseTexture.ubulk" 454
"../../../Engine/Plugins/Runtime/OpenXR/Content/Devices/OculusGo/MI_OculusGo.uasset" 455
"../../../Engine/Plugins/Runtime/OpenXR/Content/Devices/OculusGo/MI_OculusGo.uexp" 456
"../../../Engine/Plugins/Runtime/OpenXR/Content/Devices/OculusGo/OculusGoController.uasset" 457
"../../../Engine/Plugins/Runtime/OpenXR/Content/Devices/OculusGo/OculusGoController.uexp" 458
"../../../Engine/Plugins/Runtime/OpenXR/Content/Devices/OculusTouch/MRTexture.uasset" 459
"../../../Engine/Plugins/Runtime/OpenXR/Content/Devices/OculusTouch/MRTexture.uexp" 460
"../../../Engine/Plugins/Runtime/OpenXR/Content/Devices/OculusTouch/MRTexture.ubulk" 461
"../../../Engine/Plugins/Runtime/OpenXR/Content/Devices/OculusTouch/BaseTexture.uasset" 462
"../../../Engine/Plugins/Runtime/OpenXR/Content/Devices/OculusTouch/BaseTexture.uexp" 463
"../../../Engine/Plugins/Runtime/OpenXR/Content/Devices/OculusTouch/BaseTexture.ubulk" 464
"../../../Engine/Plugins/Runtime/OpenXR/Content/Devices/OculusTouch/MI_OculusTouch.uasset" 465
"../../../Engine/Plugins/Runtime/OpenXR/Content/Devices/OculusTouch/MI_OculusTouch.uexp" 466
"../../../Engine/Plugins/Runtime/OpenXR/Content/Devices/OculusTouch/Left/left_OculusTouchController.uasset" 467
"../../../Engine/Plugins/Runtime/OpenXR/Content/Devices/OculusTouch/Left/left_OculusTouchController.uexp" 468
"../../../Engine/Plugins/Runtime/OpenXR/Content/Devices/OculusTouch/Right/right_OculusTouchController.uasset" 469
"../../../Engine/Plugins/Runtime/OpenXR/Content/Devices/OculusTouch/Right/right_OculusTouchController.uexp" 470
"../../../Engine/Plugins/Runtime/OpenXR/Content/Devices/OculusTouch_v2/MRTexture.uasset" 471
"../../../Engine/Plugins/Runtime/OpenXR/Content/Devices/OculusTouch_v2/MRTexture.uexp" 472
"../../../Engine/Plugins/Runtime/OpenXR/Content/Devices/OculusTouch_v2/MRTexture.ubulk" 473
"../../../Engine/Plugins/Runtime/OpenXR/Content/Devices/OculusTouch_v2/BaseTexture.uasset" 474
"../../../Engine/Plugins/Runtime/OpenXR/Content/Devices/OculusTouch_v2/BaseTexture.uexp" 475
"../../../Engine/Plugins/Runtime/OpenXR/Content/Devices/OculusTouch_v2/BaseTexture.ubulk" 476
"../../../Engine/Plugins/Runtime/OpenXR/Content/Devices/OculusTouch_v2/MI_OculusTouch_v2.uasset" 477
"../../../Engine/Plugins/Runtime/OpenXR/Content/Devices/OculusTouch_v2/MI_OculusTouch_v2.uexp" 478
"../../../Engine/Plugins/Runtime/OpenXR/Content/Devices/OculusTouch_v2/Left/left_OculusTouch_v2Controller.uasset" 479
"../../../Engine/Plugins/Runtime/OpenXR/Content/Devices/OculusTouch_v2/Left/left_OculusTouch_v2Controller.uexp" 480
"../../../Engine/Plugins/Runtime/OpenXR/Content/Devices/OculusTouch_v2/Right/right_OculusTouch_v2Controller.uasset" 481
"../../../Engine/Plugins/Runtime/OpenXR/Content/Devices/OculusTouch_v2/Right/right_OculusTouch_v2Controller.uexp" 482
"../../../Engine/Plugins/Runtime/OpenXR/Content/Devices/OculusTouch_v3/MRTexture.uasset" 483
"../../../Engine/Plugins/Runtime/OpenXR/Content/Devices/OculusTouch_v3/MRTexture.uexp" 484
"../../../Engine/Plugins/Runtime/OpenXR/Content/Devices/OculusTouch_v3/MRTexture.ubulk" 485
"../../../Engine/Plugins/Runtime/OpenXR/Content/Devices/OculusTouch_v3/BaseTexture.uasset" 486
"../../../Engine/Plugins/Runtime/OpenXR/Content/Devices/OculusTouch_v3/BaseTexture.uexp" 487
"../../../Engine/Plugins/Runtime/OpenXR/Content/Devices/OculusTouch_v3/BaseTexture.ubulk" 488
"../../../Engine/Plugins/Runtime/OpenXR/Content/Devices/OculusTouch_v3/MI_OculusTouch_v3.uasset" 489
"../../../Engine/Plugins/Runtime/OpenXR/Content/Devices/OculusTouch_v3/MI_OculusTouch_v3.uexp" 490
"../../../Engine/Plugins/Runtime/OpenXR/Content/Devices/OculusTouch_v3/Left/left_OculusTouch_v3Controller.uasset" 491
"../../../Engine/Plugins/Runtime/OpenXR/Content/Devices/OculusTouch_v3/Left/left_OculusTouch_v3Controller.uexp" 492
"../../../Engine/Plugins/Runtime/OpenXR/Content/Devices/OculusTouch_v3/Right/right_OculusTouch_v3Controller.uasset" 493
"../../../Engine/Plugins/Runtime/OpenXR/Content/Devices/OculusTouch_v3/Right/right_OculusTouch_v3Controller.uexp" 494
"../../../Engine/Plugins/Runtime/OpenXR/Content/Devices/ValveIndex/MRTexture.uasset" 495
"../../../Engine/Plugins/Runtime/OpenXR/Content/Devices/ValveIndex/MRTexture.uexp" 496
"../../../Engine/Plugins/Runtime/OpenXR/Content/Devices/ValveIndex/MRTexture.ubulk" 497
"../../../Engine/Plugins/Runtime/OpenXR/Content/Devices/ValveIndex/BaseTexture.uasset" 498
"../../../Engine/Plugins/Runtime/OpenXR/Content/Devices/ValveIndex/BaseTexture.uexp" 499
"../../../Engine/Plugins/Runtime/OpenXR/Content/Devices/ValveIndex/BaseTexture.ubulk" 500
"../../../Engine/Plugins/Runtime/OpenXR/Content/Devices/ValveIndex/Left/MI_left_ValveIndex.uasset" 501
"../../../Engine/Plugins/Runtime/OpenXR/Content/Devices/ValveIndex/Left/MI_left_ValveIndex.uexp" 502
"../../../Engine/Plugins/Runtime/OpenXR/Content/Devices/ValveIndex/Left/left_ValveIndexController.uasset" 503
"../../../Engine/Plugins/Runtime/OpenXR/Content/Devices/ValveIndex/Left/left_ValveIndexController.uexp" 504
"../../../Engine/Plugins/Runtime/OpenXR/Content/Devices/ValveIndex/Right/MI_right_ValveIndex.uasset" 505
"../../../Engine/Plugins/Runtime/OpenXR/Content/Devices/ValveIndex/Right/MI_right_ValveIndex.uexp" 506
"../../../Engine/Plugins/Runtime/OpenXR/Content/Devices/ValveIndex/Right/right_ValveIndexController.uasset" 507
"../../../Engine/Plugins/Runtime/OpenXR/Content/Devices/ValveIndex/Right/right_ValveIndexController.uexp" 508
"../../../Engine/Content/Functions/Engine_MaterialFunctions02/Utility/BreakOutFloat4Components.uasset" 509
"../../../Engine/Content/Functions/Engine_MaterialFunctions02/Utility/BreakOutFloat4Components.uexp" 510
"../../../Engine/Content/Functions/Engine_MaterialFunctions02/Utility/MakeFloat3.uasset" 511
"../../../Engine/Content/Functions/Engine_MaterialFunctions02/Utility/MakeFloat3.uexp" 512
"../../../Engine/Plugins/Runtime/Oculus/OculusVR/Content/Materials/OculusMR_ChromaKey.uasset" 513
"../../../Engine/Plugins/Runtime/Oculus/OculusVR/Content/Materials/OculusMR_ChromaKey.uexp" 514
"../../../Engine/Plugins/Runtime/Oculus/OculusVR/Content/Materials/OculusMR_OpaqueColoredMaterial.uasset" 515
"../../../Engine/Plugins/Runtime/Oculus/OculusVR/Content/Materials/OculusMR_OpaqueColoredMaterial.uexp" 516
"../../../Engine/Plugins/Runtime/Oculus/OculusVR/Content/Materials/PokeAHoleMaterial.uasset" 517
"../../../Engine/Plugins/Runtime/Oculus/OculusVR/Content/Materials/PokeAHoleMaterial.uexp" 518
"../../../Engine/Plugins/Runtime/Oculus/OculusVR/Content/Textures/touchController_controlmap.uasset" 519
"../../../Engine/Plugins/Runtime/Oculus/OculusVR/Content/Textures/touchController_controlmap.uexp" 520
"../../../Engine/Plugins/Runtime/Oculus/OculusVR/Content/Textures/touchController_controlmap.ubulk" 521
"../../../Engine/Plugins/Runtime/Oculus/OculusVR/Content/Textures/touchController_albedo.uasset" 522
"../../../Engine/Plugins/Runtime/Oculus/OculusVR/Content/Textures/touchController_albedo.uexp" 523
"../../../Engine/Plugins/Runtime/Oculus/OculusVR/Content/Textures/touchController_albedo.ubulk" 524
"../../../Engine/Plugins/Runtime/Oculus/OculusVR/Content/Materials/touchController_mat.uasset" 525
"../../../Engine/Plugins/Runtime/Oculus/OculusVR/Content/Materials/touchController_mat.uexp" 526
"../../../Engine/Plugins/Runtime/Oculus/OculusVR/Content/Meshes/LeftTouchController.uasset" 527
"../../../Engine/Plugins/Runtime/Oculus/OculusVR/Content/Meshes/LeftTouchController.uexp" 528
"../../../Engine/Plugins/Runtime/Oculus/OculusVR/Content/Textures/TouchForQuestRiftSController_albedo.uasset" 529
"../../../Engine/Plugins/Runtime/Oculus/OculusVR/Content/Textures/TouchForQuestRiftSController_albedo.uexp" 530
"../../../Engine/Plugins/Runtime/Oculus/OculusVR/Content/Textures/TouchForQuestRiftSController_albedo.ubulk" 531
"../../../Engine/Plugins/Runtime/Oculus/OculusVR/Content/Materials/TouchForQuestRiftSControllerMaterial.uasset" 532
"../../../Engine/Plugins/Runtime/Oculus/OculusVR/Content/Materials/TouchForQuestRiftSControllerMaterial.uexp" 533
"../../../Engine/Plugins/Runtime/Oculus/OculusVR/Content/Meshes/LeftTouchForQuestRiftSController.uasset" 534
"../../../Engine/Plugins/Runtime/Oculus/OculusVR/Content/Meshes/LeftTouchForQuestRiftSController.uexp" 535
"../../../Engine/Plugins/Runtime/Oculus/OculusVR/Content/Meshes/RiftHMD.uasset" 536
"../../../Engine/Plugins/Runtime/Oculus/OculusVR/Content/Meshes/RiftHMD.uexp" 537
"../../../Engine/Plugins/Runtime/Oculus/OculusVR/Content/Meshes/RightTouchController.uasset" 538
"../../../Engine/Plugins/Runtime/Oculus/OculusVR/Content/Meshes/RightTouchController.uexp" 539
"../../../Engine/Plugins/Runtime/Oculus/OculusVR/Content/Meshes/RightTouchForQuestRiftSController.uasset" 540
"../../../Engine/Plugins/Runtime/Oculus/OculusVR/Content/Meshes/RightTouchForQuestRiftSController.uexp" 541
"../../../Engine/Content/BasicShapes/Plane.uasset" 542
"../../../Engine/Content/BasicShapes/Plane.uexp" 543
"../../../Engine/Content/BasicShapes/Cube.uasset" 544
"../../../Engine/Content/BasicShapes/Cube.uexp" 545
"D:/UE/UE_Projects/Pathogenesis/Content/TopDownCPP/Blueprints/BP_Controller.uasset" 546
"D:/UE/UE_Projects/Pathogenesis/Content/TopDownCPP/Blueprints/BP_Controller.uexp" 547
"D:/UE/UE_Projects/Pathogenesis/Content/TopDownCPP/Blueprints/BP_GameMode.uasset" 548
"D:/UE/UE_Projects/Pathogenesis/Content/TopDownCPP/Blueprints/BP_GameMode.uexp" 549
"D:/UE/UE_Projects/Pathogenesis/Content/StarterContent/Textures/T_Concrete_Tiles_Variation_M.uasset" 550
"D:/UE/UE_Projects/Pathogenesis/Content/StarterContent/Textures/T_Concrete_Tiles_Variation_M.uexp" 551
"D:/UE/UE_Projects/Pathogenesis/Content/StarterContent/Textures/T_Concrete_Tiles_Variation_M.ubulk" 552
"D:/UE/UE_Projects/Pathogenesis/Content/StarterContent/Textures/T_Concrete_Tiles_N.uasset" 553
"D:/UE/UE_Projects/Pathogenesis/Content/StarterContent/Textures/T_Concrete_Tiles_N.uexp" 554
"D:/UE/UE_Projects/Pathogenesis/Content/StarterContent/Textures/T_Concrete_Tiles_N.ubulk" 555
"D:/UE/UE_Projects/Pathogenesis/Content/StarterContent/Textures/T_Concrete_Tiles_M.uasset" 556
"D:/UE/UE_Projects/Pathogenesis/Content/StarterContent/Textures/T_Concrete_Tiles_M.uexp" 557
"D:/UE/UE_Projects/Pathogenesis/Content/StarterContent/Textures/T_Concrete_Tiles_M.ubulk" 558
"D:/UE/UE_Projects/Pathogenesis/Content/StarterContent/Textures/T_Concrete_Tiles_D.uasset" 559
"D:/UE/UE_Projects/Pathogenesis/Content/StarterContent/Textures/T_Concrete_Tiles_D.uexp" 560
"D:/UE/UE_Projects/Pathogenesis/Content/StarterContent/Textures/T_Concrete_Tiles_D.ubulk" 561
"D:/UE/UE_Projects/Pathogenesis/Content/StarterContent/Textures/T_MacroVariation.uasset" 562
"D:/UE/UE_Projects/Pathogenesis/Content/StarterContent/Textures/T_MacroVariation.uexp" 563
"D:/UE/UE_Projects/Pathogenesis/Content/StarterContent/Materials/M_Concrete_Tiles.uasset" 564
"D:/UE/UE_Projects/Pathogenesis/Content/StarterContent/Materials/M_Concrete_Tiles.uexp" 565
"D:/UE/UE_Projects/Pathogenesis/Content/FPS_Weapon_Bundle/Weapons/Textures/SMG11/T_SMG11_Rem_NRM.uasset" 566
"D:/UE/UE_Projects/Pathogenesis/Content/FPS_Weapon_Bundle/Weapons/Textures/SMG11/T_SMG11_Rem_NRM.uexp" 567
"D:/UE/UE_Projects/Pathogenesis/Content/FPS_Weapon_Bundle/Weapons/Textures/SMG11/T_SMG11_Rem_NRM.ubulk" 568
"D:/UE/UE_Projects/Pathogenesis/Content/FPS_Weapon_Bundle/Weapons/Textures/SMG11/T_SMG11_Rem_M_MSK.uasset" 569
"D:/UE/UE_Projects/Pathogenesis/Content/FPS_Weapon_Bundle/Weapons/Textures/SMG11/T_SMG11_Rem_M_MSK.uexp" 570
"D:/UE/UE_Projects/Pathogenesis/Content/FPS_Weapon_Bundle/Weapons/Textures/SMG11/T_SMG11_Rem_M_MSK.ubulk" 571
"D:/UE/UE_Projects/Pathogenesis/Content/FPS_Weapon_Bundle/Weapons/Textures/SMG11/T_SMG11_Rem_ALB.uasset" 572
"D:/UE/UE_Projects/Pathogenesis/Content/FPS_Weapon_Bundle/Weapons/Textures/SMG11/T_SMG11_Rem_ALB.uexp" 573
"D:/UE/UE_Projects/Pathogenesis/Content/FPS_Weapon_Bundle/Weapons/Textures/SMG11/T_SMG11_Rem_ALB.ubulk" 574
"D:/UE/UE_Projects/Pathogenesis/Content/FPS_Weapon_Bundle/Weapons/Textures/Patterns/T_Stripes__Pattern.uasset" 575
"D:/UE/UE_Projects/Pathogenesis/Content/FPS_Weapon_Bundle/Weapons/Textures/Patterns/T_Stripes__Pattern.uexp" 576
"D:/UE/UE_Projects/Pathogenesis/Content/FPS_Weapon_Bundle/Weapons/Textures/Patterns/T_Stripes__Pattern.ubulk" 577
"D:/UE/UE_Projects/Pathogenesis/Content/FPS_Weapon_Bundle/Weapons/Textures/KA74U/T_KA74U_NRM.uasset" 578
"D:/UE/UE_Projects/Pathogenesis/Content/FPS_Weapon_Bundle/Weapons/Textures/KA74U/T_KA74U_NRM.uexp" 579
"D:/UE/UE_Projects/Pathogenesis/Content/FPS_Weapon_Bundle/Weapons/Textures/KA74U/T_KA74U_NRM.ubulk" 580
"D:/UE/UE_Projects/Pathogenesis/Content/FPS_Weapon_Bundle/Weapons/Textures/KA74U/T_KA74U_M_MSK.uasset" 581
"D:/UE/UE_Projects/Pathogenesis/Content/FPS_Weapon_Bundle/Weapons/Textures/KA74U/T_KA74U_M_MSK.uexp" 582
"D:/UE/UE_Projects/Pathogenesis/Content/FPS_Weapon_Bundle/Weapons/Textures/KA74U/T_KA74U_M_MSK.ubulk" 583
"D:/UE/UE_Projects/Pathogenesis/Content/FPS_Weapon_Bundle/Weapons/Textures/KA74U/T_KA74U_ALB.uasset" 584
"D:/UE/UE_Projects/Pathogenesis/Content/FPS_Weapon_Bundle/Weapons/Textures/KA74U/T_KA74U_ALB.uexp" 585
"D:/UE/UE_Projects/Pathogenesis/Content/FPS_Weapon_Bundle/Weapons/Textures/KA74U/T_KA74U_ALB.ubulk" 586
"D:/UE/UE_Projects/Pathogenesis/Content/FPS_Weapon_Bundle/Weapons/Materials/Master_Material/M_Weapon_Master_USE.uasset" 587
"D:/UE/UE_Projects/Pathogenesis/Content/FPS_Weapon_Bundle/Weapons/Materials/Master_Material/M_Weapon_Master_USE.uexp" 588
"D:/UE/UE_Projects/Pathogenesis/Content/FPS_Weapon_Bundle/Weapons/Materials/SMG11/M_SMG11_Rem.uasset" 589
"D:/UE/UE_Projects/Pathogenesis/Content/FPS_Weapon_Bundle/Weapons/Materials/SMG11/M_SMG11_Rem.uexp" 590
"D:/UE/UE_Projects/Pathogenesis/Content/FPS_Weapon_Bundle/Weapons/Textures/SMG11/T_SMG11_NRM.uasset" 591
"D:/UE/UE_Projects/Pathogenesis/Content/FPS_Weapon_Bundle/Weapons/Textures/SMG11/T_SMG11_NRM.uexp" 592
"D:/UE/UE_Projects/Pathogenesis/Content/FPS_Weapon_Bundle/Weapons/Textures/SMG11/T_SMG11_NRM.ubulk" 593
"D:/UE/UE_Projects/Pathogenesis/Content/FPS_Weapon_Bundle/Weapons/Textures/SMG11/T_SMG11_M_MSK.uasset" 594
"D:/UE/UE_Projects/Pathogenesis/Content/FPS_Weapon_Bundle/Weapons/Textures/SMG11/T_SMG11_M_MSK.uexp" 595
"D:/UE/UE_Projects/Pathogenesis/Content/FPS_Weapon_Bundle/Weapons/Textures/SMG11/T_SMG11_M_MSK.ubulk" 596
"D:/UE/UE_Projects/Pathogenesis/Content/FPS_Weapon_Bundle/Weapons/Textures/SMG11/T_SMG11_ALB.uasset" 597
"D:/UE/UE_Projects/Pathogenesis/Content/FPS_Weapon_Bundle/Weapons/Textures/SMG11/T_SMG11_ALB.uexp" 598
"D:/UE/UE_Projects/Pathogenesis/Content/FPS_Weapon_Bundle/Weapons/Textures/SMG11/T_SMG11_ALB.ubulk" 599
"D:/UE/UE_Projects/Pathogenesis/Content/FPS_Weapon_Bundle/Weapons/Materials/SMG11/M_SMG11.uasset" 600
"D:/UE/UE_Projects/Pathogenesis/Content/FPS_Weapon_Bundle/Weapons/Materials/SMG11/M_SMG11.uexp" 601
"D:/UE/UE_Projects/Pathogenesis/Content/FPS_Weapon_Bundle/Weapons/Meshes/SMG11/SK_SMG11_Y_Skeleton.uasset" 602
"D:/UE/UE_Projects/Pathogenesis/Content/FPS_Weapon_Bundle/Weapons/Meshes/SMG11/SK_SMG11_Y_Skeleton.uexp" 603
"D:/UE/UE_Projects/Pathogenesis/Content/FPS_Weapon_Bundle/Weapons/Meshes/SMG11/SK_SMG11_Y_Physics.uasset" 604
"D:/UE/UE_Projects/Pathogenesis/Content/FPS_Weapon_Bundle/Weapons/Meshes/SMG11/SK_SMG11_Y_Physics.uexp" 605
"D:/UE/UE_Projects/Pathogenesis/Content/FPS_Weapon_Bundle/Weapons/Textures/Ammunition/T_9mm_NRM.uasset" 606
"D:/UE/UE_Projects/Pathogenesis/Content/FPS_Weapon_Bundle/Weapons/Textures/Ammunition/T_9mm_NRM.uexp" 607
"D:/UE/UE_Projects/Pathogenesis/Content/FPS_Weapon_Bundle/Weapons/Textures/Ammunition/T_9mm_NRM.ubulk" 608
"D:/UE/UE_Projects/Pathogenesis/Content/FPS_Weapon_Bundle/Weapons/Textures/Ammunition/T_9mm_M_MSK.uasset" 609
"D:/UE/UE_Projects/Pathogenesis/Content/FPS_Weapon_Bundle/Weapons/Textures/Ammunition/T_9mm_M_MSK.uexp" 610
"D:/UE/UE_Projects/Pathogenesis/Content/FPS_Weapon_Bundle/Weapons/Textures/Ammunition/T_9mm_M_MSK.ubulk" 611
"D:/UE/UE_Projects/Pathogenesis/Content/FPS_Weapon_Bundle/Weapons/Textures/Ammunition/T_9mm_ALB.uasset" 612
"D:/UE/UE_Projects/Pathogenesis/Content/FPS_Weapon_Bundle/Weapons/Textures/Ammunition/T_9mm_ALB.uexp" 613
"D:/UE/UE_Projects/Pathogenesis/Content/FPS_Weapon_Bundle/Weapons/Textures/Ammunition/T_9mm_ALB.ubulk" 614
"D:/UE/UE_Projects/Pathogenesis/Content/FPS_Weapon_Bundle/Weapons/Materials/Ammunition/M_9mm.uasset" 615
"D:/UE/UE_Projects/Pathogenesis/Content/FPS_Weapon_Bundle/Weapons/Materials/Ammunition/M_9mm.uexp" 616
"D:/UE/UE_Projects/Pathogenesis/Content/FPS_Weapon_Bundle/Weapons/Meshes/SMG11/SK_SMG11_Y.uasset" 617
"D:/UE/UE_Projects/Pathogenesis/Content/FPS_Weapon_Bundle/Weapons/Meshes/SMG11/SK_SMG11_Y.uexp" 618
"D:/UE/UE_Projects/Pathogenesis/Content/Interfaces/BPI_Weapon.uasset" 619
"D:/UE/UE_Projects/Pathogenesis/Content/Interfaces/BPI_Weapon.uexp" 620
"../../../Engine/Content/EngineFonts/Faces/RobotoTiny.uasset" 621
"../../../Engine/Content/EngineFonts/Faces/RobotoTiny.uexp" 622
"../../../Engine/Content/EngineFonts/Faces/RobotoTiny.ufont" 623
"../../../Engine/Content/EngineFonts/RobotoTiny.uasset" 624
"../../../Engine/Content/EngineFonts/RobotoTiny.uexp" 625
"D:/UE/UE_Projects/Pathogenesis/Content/UI/Inventory/WBP_CellWidget.uasset" 626
"D:/UE/UE_Projects/Pathogenesis/Content/UI/Inventory/WBP_CellWidget.uexp" 627
"D:/UE/UE_Projects/Pathogenesis/Content/UI/Inventory/WBP_Inventory.uasset" 628
"D:/UE/UE_Projects/Pathogenesis/Content/UI/Inventory/WBP_Inventory.uexp" 629
"../../../Engine/Content/EditorBlueprintResources/StandardMacros.uasset" 630
"../../../Engine/Content/EditorBlueprintResources/StandardMacros.uexp" 631
"D:/UE/UE_Projects/Pathogenesis/Content/Blueprints/Components/BP_HealthManager.uasset" 632
"D:/UE/UE_Projects/Pathogenesis/Content/Blueprints/Components/BP_HealthManager.uexp" 633
"D:/UE/UE_Projects/Pathogenesis/Content/UI/Inventory/WBP_HUD.uasset" 634
"D:/UE/UE_Projects/Pathogenesis/Content/UI/Inventory/WBP_HUD.uexp" 635
"../../../Engine/Content/EngineMeshes/Humanoid.uasset" 636
"../../../Engine/Content/EngineMeshes/Humanoid.uexp" 637
"D:/UE/UE_Projects/Pathogenesis/Content/Mannequin/Character/Mesh/UE4_Mannequin_Skeleton.uasset" 638
"D:/UE/UE_Projects/Pathogenesis/Content/Mannequin/Character/Mesh/UE4_Mannequin_Skeleton.uexp" 639
"../../../Engine/Content/Animation/DefaultAnimCurveCompressionSettings.uasset" 640
"../../../Engine/Content/Animation/DefaultAnimCurveCompressionSettings.uexp" 641
"../../../Engine/Content/Animation/DefaultAnimBoneCompressionSettings.uasset" 642
"../../../Engine/Content/Animation/DefaultAnimBoneCompressionSettings.uexp" 643
"D:/UE/UE_Projects/Pathogenesis/Content/Animations/Rifle_Run_Forward.uasset" 644
"D:/UE/UE_Projects/Pathogenesis/Content/Animations/Rifle_Run_Forward.uexp" 645
"D:/UE/UE_Projects/Pathogenesis/Content/Animations/Aim_Idle_Rifle.uasset" 646
"D:/UE/UE_Projects/Pathogenesis/Content/Animations/Aim_Idle_Rifle.uexp" 647
"D:/UE/UE_Projects/Pathogenesis/Content/Animations/Rifle_Run_Backwards.uasset" 648
"D:/UE/UE_Projects/Pathogenesis/Content/Animations/Rifle_Run_Backwards.uexp" 649
"D:/UE/UE_Projects/Pathogenesis/Content/Animations/Run_Backward_Left_Anim.uasset" 650
"D:/UE/UE_Projects/Pathogenesis/Content/Animations/Run_Backward_Left_Anim.uexp" 651
"D:/UE/UE_Projects/Pathogenesis/Content/Animations/Run_Backward_Right_Anim.uasset" 652
"D:/UE/UE_Projects/Pathogenesis/Content/Animations/Run_Backward_Right_Anim.uexp" 653
"D:/UE/UE_Projects/Pathogenesis/Content/Animations/Run_Forward_Left_Anim.uasset" 654
"D:/UE/UE_Projects/Pathogenesis/Content/Animations/Run_Forward_Left_Anim.uexp" 655
"D:/UE/UE_Projects/Pathogenesis/Content/Animations/Run_Forward_Right_Anim.uasset" 656
"D:/UE/UE_Projects/Pathogenesis/Content/Animations/Run_Forward_Right_Anim.uexp" 657
"D:/UE/UE_Projects/Pathogenesis/Content/Animations/Run_Left_Anim.uasset" 658
"D:/UE/UE_Projects/Pathogenesis/Content/Animations/Run_Left_Anim.uexp" 659
"D:/UE/UE_Projects/Pathogenesis/Content/Animations/Run_Right_Anim.uasset" 660
"D:/UE/UE_Projects/Pathogenesis/Content/Animations/Run_Right_Anim.uexp" 661
"D:/UE/UE_Projects/Pathogenesis/Content/Animations/BS_Run_Rifle.uasset" 662
"D:/UE/UE_Projects/Pathogenesis/Content/Animations/BS_Run_Rifle.uexp" 663
"D:/UE/UE_Projects/Pathogenesis/Content/Mannequin/Animations/ThirdPersonWalk.uasset" 664
"D:/UE/UE_Projects/Pathogenesis/Content/Mannequin/Animations/ThirdPersonWalk.uexp" 665
"D:/UE/UE_Projects/Pathogenesis/Content/Mannequin/Animations/ThirdPersonRun.uasset" 666
"D:/UE/UE_Projects/Pathogenesis/Content/Mannequin/Animations/ThirdPersonRun.uexp" 667
"D:/UE/UE_Projects/Pathogenesis/Content/Mannequin/Animations/ThirdPersonIdle.uasset" 668
"D:/UE/UE_Projects/Pathogenesis/Content/Mannequin/Animations/ThirdPersonIdle.uexp" 669
"D:/UE/UE_Projects/Pathogenesis/Content/AI/AI_Soldier/BS_Ai_Jog.uasset" 670
"D:/UE/UE_Projects/Pathogenesis/Content/AI/AI_Soldier/BS_Ai_Jog.uexp" 671
"D:/UE/UE_Projects/Pathogenesis/Content/AI/AI_Soldier/ABP_SoldierChar.uasset" 672
"D:/UE/UE_Projects/Pathogenesis/Content/AI/AI_Soldier/ABP_SoldierChar.uexp" 673
"D:/UE/UE_Projects/Pathogenesis/Content/Mannequin/Character/Mesh/SK_Mannequin_PhysicsAsset.uasset" 674
"D:/UE/UE_Projects/Pathogenesis/Content/Mannequin/Character/Mesh/SK_Mannequin_PhysicsAsset.uexp" 675
"D:/UE/UE_Projects/Pathogenesis/Content/Mannequin/Character/Textures/T_UE4Logo_N.uasset" 676
"D:/UE/UE_Projects/Pathogenesis/Content/Mannequin/Character/Textures/T_UE4Logo_N.uexp" 677
"D:/UE/UE_Projects/Pathogenesis/Content/Mannequin/Character/Textures/T_UE4Logo_N.ubulk" 678
"D:/UE/UE_Projects/Pathogenesis/Content/Mannequin/Character/Textures/T_UE4Logo_Mask.uasset" 679
"D:/UE/UE_Projects/Pathogenesis/Content/Mannequin/Character/Textures/T_UE4Logo_Mask.uexp" 680
"D:/UE/UE_Projects/Pathogenesis/Content/Mannequin/Character/Textures/T_UE4Logo_Mask.ubulk" 681
"D:/UE/UE_Projects/Pathogenesis/Content/Mannequin/Character/Textures/T_Male_N.uasset" 682
"D:/UE/UE_Projects/Pathogenesis/Content/Mannequin/Character/Textures/T_Male_N.uexp" 683
"D:/UE/UE_Projects/Pathogenesis/Content/Mannequin/Character/Textures/T_Male_N.ubulk" 684
"D:/UE/UE_Projects/Pathogenesis/Content/Mannequin/Character/Textures/T_Male_Mask.uasset" 685
"D:/UE/UE_Projects/Pathogenesis/Content/Mannequin/Character/Textures/T_Male_Mask.uexp" 686
"D:/UE/UE_Projects/Pathogenesis/Content/Mannequin/Character/Textures/T_Male_Mask.ubulk" 687
"D:/UE/UE_Projects/Pathogenesis/Content/Mannequin/Character/Materials/MaterialLayers/T_ML_Rubber_Blue_01_N.uasset" 688
"D:/UE/UE_Projects/Pathogenesis/Content/Mannequin/Character/Materials/MaterialLayers/T_ML_Rubber_Blue_01_N.uexp" 689
"D:/UE/UE_Projects/Pathogenesis/Content/Mannequin/Character/Materials/MaterialLayers/T_ML_Rubber_Blue_01_N.ubulk" 690
"D:/UE/UE_Projects/Pathogenesis/Content/Mannequin/Character/Materials/MaterialLayers/T_ML_Rubber_Blue_01_D.uasset" 691
"D:/UE/UE_Projects/Pathogenesis/Content/Mannequin/Character/Materials/MaterialLayers/T_ML_Rubber_Blue_01_D.uexp" 692
"D:/UE/UE_Projects/Pathogenesis/Content/Mannequin/Character/Materials/MaterialLayers/T_ML_Rubber_Blue_01_D.ubulk" 693
"D:/UE/UE_Projects/Pathogenesis/Content/Mannequin/Character/Materials/MaterialLayers/T_ML_Aluminum01_N.uasset" 694
"D:/UE/UE_Projects/Pathogenesis/Content/Mannequin/Character/Materials/MaterialLayers/T_ML_Aluminum01_N.uexp" 695
"D:/UE/UE_Projects/Pathogenesis/Content/Mannequin/Character/Materials/MaterialLayers/T_ML_Aluminum01_N.ubulk" 696
"D:/UE/UE_Projects/Pathogenesis/Content/Mannequin/Character/Materials/MaterialLayers/T_ML_Aluminum01.uasset" 697
"D:/UE/UE_Projects/Pathogenesis/Content/Mannequin/Character/Materials/MaterialLayers/T_ML_Aluminum01.uexp" 698
"D:/UE/UE_Projects/Pathogenesis/Content/Mannequin/Character/Materials/MaterialLayers/T_ML_Aluminum01.ubulk" 699
"D:/UE/UE_Projects/Pathogenesis/Content/Mannequin/Character/Materials/MaterialLayers/ML_SoftMetal_UE4.uasset" 700
"D:/UE/UE_Projects/Pathogenesis/Content/Mannequin/Character/Materials/MaterialLayers/ML_SoftMetal_UE4.uexp" 701
"D:/UE/UE_Projects/Pathogenesis/Content/Mannequin/Character/Materials/MaterialLayers/ML_Plastic_Shiny_Beige_LOGO.uasset" 702
"D:/UE/UE_Projects/Pathogenesis/Content/Mannequin/Character/Materials/MaterialLayers/ML_Plastic_Shiny_Beige_LOGO.uexp" 703
"D:/UE/UE_Projects/Pathogenesis/Content/Mannequin/Character/Materials/MaterialLayers/ML_Plastic_Shiny_Beige.uasset" 704
"D:/UE/UE_Projects/Pathogenesis/Content/Mannequin/Character/Materials/MaterialLayers/ML_Plastic_Shiny_Beige.uexp" 705
"D:/UE/UE_Projects/Pathogenesis/Content/Mannequin/Character/Materials/MaterialLayers/ML_GlossyBlack_Latex_UE4.uasset" 706
"D:/UE/UE_Projects/Pathogenesis/Content/Mannequin/Character/Materials/MaterialLayers/ML_GlossyBlack_Latex_UE4.uexp" 707
"../../../Engine/Content/Functions/MaterialLayerFunctions/MatLayerBlend_Simple.uasset" 708
"../../../Engine/Content/Functions/MaterialLayerFunctions/MatLayerBlend_Simple.uexp" 709
"../../../Engine/Content/Functions/Engine_MaterialFunctions02/Utility/BlendAngleCorrectedNormals.uasset" 710
"../../../Engine/Content/Functions/Engine_MaterialFunctions02/Utility/BlendAngleCorrectedNormals.uexp" 711
"../../../Engine/Content/Functions/MaterialLayerFunctions/MatLayerBlend_NormalBlend.uasset" 712
"../../../Engine/Content/Functions/MaterialLayerFunctions/MatLayerBlend_NormalBlend.uexp" 713
"D:/UE/UE_Projects/Pathogenesis/Content/Mannequin/Character/Materials/M_Male_Body.uasset" 714
"D:/UE/UE_Projects/Pathogenesis/Content/Mannequin/Character/Materials/M_Male_Body.uexp" 715
"D:/UE/UE_Projects/Pathogenesis/Content/Mannequin/Character/Materials/M_UE4Man_ChestLogo.uasset" 716
"D:/UE/UE_Projects/Pathogenesis/Content/Mannequin/Character/Materials/M_UE4Man_ChestLogo.uexp" 717
"D:/UE/UE_Projects/Pathogenesis/Content/Mannequin/Character/Mesh/SK_Mannequin.uasset" 718
"D:/UE/UE_Projects/Pathogenesis/Content/Mannequin/Character/Mesh/SK_Mannequin.uexp" 719
"D:/UE/UE_Projects/Pathogenesis/Content/FPS_Weapon_Bundle/Weapons/Meshes/Ka47/SK_KA47_Skeleton.uasset" 720
"D:/UE/UE_Projects/Pathogenesis/Content/FPS_Weapon_Bundle/Weapons/Meshes/Ka47/SK_KA47_Skeleton.uexp" 721
"D:/UE/UE_Projects/Pathogenesis/Content/FPS_Weapon_Bundle/Weapons/Meshes/Ka47/SK_KA47_Physics.uasset" 722
"D:/UE/UE_Projects/Pathogenesis/Content/FPS_Weapon_Bundle/Weapons/Meshes/Ka47/SK_KA47_Physics.uexp" 723
"D:/UE/UE_Projects/Pathogenesis/Content/FPS_Weapon_Bundle/Weapons/Textures/KA47/T_KA47_NRM.uasset" 724
"D:/UE/UE_Projects/Pathogenesis/Content/FPS_Weapon_Bundle/Weapons/Textures/KA47/T_KA47_NRM.uexp" 725
"D:/UE/UE_Projects/Pathogenesis/Content/FPS_Weapon_Bundle/Weapons/Textures/KA47/T_KA47_NRM.ubulk" 726
"D:/UE/UE_Projects/Pathogenesis/Content/FPS_Weapon_Bundle/Weapons/Textures/KA47/T_KA47_M_MSK.uasset" 727
"D:/UE/UE_Projects/Pathogenesis/Content/FPS_Weapon_Bundle/Weapons/Textures/KA47/T_KA47_M_MSK.uexp" 728
"D:/UE/UE_Projects/Pathogenesis/Content/FPS_Weapon_Bundle/Weapons/Textures/KA47/T_KA47_M_MSK.ubulk" 729
"D:/UE/UE_Projects/Pathogenesis/Content/FPS_Weapon_Bundle/Weapons/Textures/KA47/T_KA47_ALB.uasset" 730
"D:/UE/UE_Projects/Pathogenesis/Content/FPS_Weapon_Bundle/Weapons/Textures/KA47/T_KA47_ALB.uexp" 731
"D:/UE/UE_Projects/Pathogenesis/Content/FPS_Weapon_Bundle/Weapons/Textures/KA47/T_KA47_ALB.ubulk" 732
"D:/UE/UE_Projects/Pathogenesis/Content/FPS_Weapon_Bundle/Weapons/Materials/Ka47/M_KA47.uasset" 733
"D:/UE/UE_Projects/Pathogenesis/Content/FPS_Weapon_Bundle/Weapons/Materials/Ka47/M_KA47.uexp" 734
"D:/UE/UE_Projects/Pathogenesis/Content/FPS_Weapon_Bundle/Weapons/Textures/Ammunition/T_762x39_NRM.uasset" 735
"D:/UE/UE_Projects/Pathogenesis/Content/FPS_Weapon_Bundle/Weapons/Textures/Ammunition/T_762x39_NRM.uexp" 736
"D:/UE/UE_Projects/Pathogenesis/Content/FPS_Weapon_Bundle/Weapons/Textures/Ammunition/T_762x39_NRM.ubulk" 737
"D:/UE/UE_Projects/Pathogenesis/Content/FPS_Weapon_Bundle/Weapons/Textures/Ammunition/T_762x39_M_MSK.uasset" 738
"D:/UE/UE_Projects/Pathogenesis/Content/FPS_Weapon_Bundle/Weapons/Textures/Ammunition/T_762x39_M_MSK.uexp" 739
"D:/UE/UE_Projects/Pathogenesis/Content/FPS_Weapon_Bundle/Weapons/Textures/Ammunition/T_762x39_M_MSK.ubulk" 740
"D:/UE/UE_Projects/Pathogenesis/Content/FPS_Weapon_Bundle/Weapons/Textures/Ammunition/T_762x39_ALB.uasset" 741
"D:/UE/UE_Projects/Pathogenesis/Content/FPS_Weapon_Bundle/Weapons/Textures/Ammunition/T_762x39_ALB.uexp" 742
"D:/UE/UE_Projects/Pathogenesis/Content/FPS_Weapon_Bundle/Weapons/Textures/Ammunition/T_762x39_ALB.ubulk" 743
"D:/UE/UE_Projects/Pathogenesis/Content/FPS_Weapon_Bundle/Weapons/Materials/Ammunition/M_762x39_Empty.uasset" 744
"D:/UE/UE_Projects/Pathogenesis/Content/FPS_Weapon_Bundle/Weapons/Materials/Ammunition/M_762x39_Empty.uexp" 745
"D:/UE/UE_Projects/Pathogenesis/Content/FPS_Weapon_Bundle/Weapons/Meshes/Ka47/SK_KA47.uasset" 746
"D:/UE/UE_Projects/Pathogenesis/Content/FPS_Weapon_Bundle/Weapons/Meshes/Ka47/SK_KA47.uexp" 747
"D:/UE/UE_Projects/Pathogenesis/Content/FPS_Weapon_Bundle/Weapons/Meshes/Ammunition/556mm_Bullet.uasset" 748
"D:/UE/UE_Projects/Pathogenesis/Content/FPS_Weapon_Bundle/Weapons/Meshes/Ammunition/556mm_Bullet.uexp" 749
"D:/UE/UE_Projects/Pathogenesis/Content/Audio/Rifle_03.uasset" 750
"D:/UE/UE_Projects/Pathogenesis/Content/Audio/Rifle_03.uexp" 751
"D:/UE/UE_Projects/Pathogenesis/Content/Audio/Rifle_02.uasset" 752
"D:/UE/UE_Projects/Pathogenesis/Content/Audio/Rifle_02.uexp" 753
"D:/UE/UE_Projects/Pathogenesis/Content/Audio/Rifle_01.uasset" 754
"D:/UE/UE_Projects/Pathogenesis/Content/Audio/Rifle_01.uexp" 755
"D:/UE/UE_Projects/Pathogenesis/Content/Audio/Rifle_Cue.uasset" 756
"D:/UE/UE_Projects/Pathogenesis/Content/Audio/Rifle_Cue.uexp" 757
"D:/UE/UE_Projects/Pathogenesis/Content/Interfaces/BPI_Damage.uasset" 758
"D:/UE/UE_Projects/Pathogenesis/Content/Interfaces/BPI_Damage.uexp" 759
"D:/UE/UE_Projects/Pathogenesis/Content/Textures/Hit_Decal.uasset" 760
"D:/UE/UE_Projects/Pathogenesis/Content/Textures/Hit_Decal.uexp" 761
"D:/UE/UE_Projects/Pathogenesis/Content/Textures/Hit_Decal_Mat.uasset" 762
"D:/UE/UE_Projects/Pathogenesis/Content/Textures/Hit_Decal_Mat.uexp" 763
"D:/UE/UE_Projects/Pathogenesis/Content/Geometry/Meshes/CubeMaterial.uasset" 764
"D:/UE/UE_Projects/Pathogenesis/Content/Geometry/Meshes/CubeMaterial.uexp" 765
"D:/UE/UE_Projects/Pathogenesis/Content/Geometry/Meshes/1M_Cube.uasset" 766
"D:/UE/UE_Projects/Pathogenesis/Content/Geometry/Meshes/1M_Cube.uexp" 767
"../../../Engine/Content/BasicShapes/BasicShapeMaterial.uasset" 768
"../../../Engine/Content/BasicShapes/BasicShapeMaterial.uexp" 769
"D:/UE/UE_Projects/Pathogenesis/Content/Blueprints/BP_Wall.uasset" 770
"D:/UE/UE_Projects/Pathogenesis/Content/Blueprints/BP_Wall.uexp" 771
"D:/UE/UE_Projects/Pathogenesis/Content/Audio/Hit_Wood_03.uasset" 772
"D:/UE/UE_Projects/Pathogenesis/Content/Audio/Hit_Wood_03.uexp" 773
"D:/UE/UE_Projects/Pathogenesis/Content/Audio/Hit_Wood_01.uasset" 774
"D:/UE/UE_Projects/Pathogenesis/Content/Audio/Hit_Wood_01.uexp" 775
"D:/UE/UE_Projects/Pathogenesis/Content/Audio/HitWood_02.uasset" 776
"D:/UE/UE_Projects/Pathogenesis/Content/Audio/HitWood_02.uexp" 777
"D:/UE/UE_Projects/Pathogenesis/Content/Audio/Hit_Wood_Cue.uasset" 778
"D:/UE/UE_Projects/Pathogenesis/Content/Audio/Hit_Wood_Cue.uexp" 779
"D:/UE/UE_Projects/Pathogenesis/Content/Audio/Hit_Concrete_03.uasset" 780
"D:/UE/UE_Projects/Pathogenesis/Content/Audio/Hit_Concrete_03.uexp" 781
"D:/UE/UE_Projects/Pathogenesis/Content/Audio/Hit_Concrete_02.uasset" 782
"D:/UE/UE_Projects/Pathogenesis/Content/Audio/Hit_Concrete_02.uexp" 783
"D:/UE/UE_Projects/Pathogenesis/Content/Audio/Hit_Concrete_01.uasset" 784
"D:/UE/UE_Projects/Pathogenesis/Content/Audio/Hit_Concrete_01.uexp" 785
"D:/UE/UE_Projects/Pathogenesis/Content/Audio/Hit_Concrete_Cue.uasset" 786
"D:/UE/UE_Projects/Pathogenesis/Content/Audio/Hit_Concrete_Cue.uexp" 787
"D:/UE/UE_Projects/Pathogenesis/Content/Audio/Hit_Flesh_03.uasset" 788
"D:/UE/UE_Projects/Pathogenesis/Content/Audio/Hit_Flesh_03.uexp" 789
"D:/UE/UE_Projects/Pathogenesis/Content/Audio/Hit_Flesh_02.uasset" 790
"D:/UE/UE_Projects/Pathogenesis/Content/Audio/Hit_Flesh_02.uexp" 791
"D:/UE/UE_Projects/Pathogenesis/Content/Audio/Hit_Flesh_01.uasset" 792
"D:/UE/UE_Projects/Pathogenesis/Content/Audio/Hit_Flesh_01.uexp" 793
"D:/UE/UE_Projects/Pathogenesis/Content/Audio/Hit_Flesh_Cue.uasset" 794
"D:/UE/UE_Projects/Pathogenesis/Content/Audio/Hit_Flesh_Cue.uexp" 795
"D:/UE/UE_Projects/Pathogenesis/Content/Blueprints/BP_Bullet.uasset" 796
"D:/UE/UE_Projects/Pathogenesis/Content/Blueprints/BP_Bullet.uexp" 797
"D:/UE/UE_Projects/Pathogenesis/Content/AI/AI_Soldier/Behavior/Status.uasset" 798
"D:/UE/UE_Projects/Pathogenesis/Content/AI/AI_Soldier/Behavior/Status.uexp" 799
"D:/UE/UE_Projects/Pathogenesis/Content/AI/AI_Soldier/Behavior/BB_Soldier.uasset" 800
"D:/UE/UE_Projects/Pathogenesis/Content/AI/AI_Soldier/Behavior/BB_Soldier.uexp" 801
"D:/UE/UE_Projects/Pathogenesis/Content/AI/AI_Soldier/Behavior/BTTask_StopAim.uasset" 802
"D:/UE/UE_Projects/Pathogenesis/Content/AI/AI_Soldier/Behavior/BTTask_StopAim.uexp" 803
"D:/UE/UE_Projects/Pathogenesis/Content/AI/AI_Soldier/Behavior/BTTask_StartAim.uasset" 804
"D:/UE/UE_Projects/Pathogenesis/Content/AI/AI_Soldier/Behavior/BTTask_StartAim.uexp" 805
"D:/UE/UE_Projects/Pathogenesis/Content/AI/AI_Soldier/Behavior/BTTask_MakeShot.uasset" 806
"D:/UE/UE_Projects/Pathogenesis/Content/AI/AI_Soldier/Behavior/BTTask_MakeShot.uexp" 807
"D:/UE/UE_Projects/Pathogenesis/Content/AI/AI_Soldier/Behavior/BTTask_FindRandomLocation.uasset" 808
"D:/UE/UE_Projects/Pathogenesis/Content/AI/AI_Soldier/Behavior/BTTask_FindRandomLocation.uexp" 809
"D:/UE/UE_Projects/Pathogenesis/Content/AI/AI_Soldier/Behavior/BTTask_FindPlayerLocation.uasset" 810
"D:/UE/UE_Projects/Pathogenesis/Content/AI/AI_Soldier/Behavior/BTTask_FindPlayerLocation.uexp" 811
"D:/UE/UE_Projects/Pathogenesis/Content/AI/AI_Soldier/Behavior/BTTask_ChangeStatus.uasset" 812
"D:/UE/UE_Projects/Pathogenesis/Content/AI/AI_Soldier/Behavior/BTTask_ChangeStatus.uexp" 813
"D:/UE/UE_Projects/Pathogenesis/Content/AI/AI_Soldier/Behavior/BT_Soldier.uasset" 814
"D:/UE/UE_Projects/Pathogenesis/Content/AI/AI_Soldier/Behavior/BT_Soldier.uexp" 815
"D:/UE/UE_Projects/Pathogenesis/Content/AI/AI_Soldier/BP_AI_Controller.uasset" 816
"D:/UE/UE_Projects/Pathogenesis/Content/AI/AI_Soldier/BP_AI_Controller.uexp" 817
"D:/UE/UE_Projects/Pathogenesis/Content/AI/AI_Soldier/BP_SoldierChar.uasset" 818
"D:/UE/UE_Projects/Pathogenesis/Content/AI/AI_Soldier/BP_SoldierChar.uexp" 819
"D:/UE/UE_Projects/Pathogenesis/Content/Mixamo/Walking__1__PhysicsAsset.uasset" 820
"D:/UE/UE_Projects/Pathogenesis/Content/Mixamo/Walking__1__PhysicsAsset.uexp" 821
"D:/UE/UE_Projects/Pathogenesis/Content/Mixamo/Ch10_1002_Specular.uasset" 822
"D:/UE/UE_Projects/Pathogenesis/Content/Mixamo/Ch10_1002_Specular.uexp" 823
"D:/UE/UE_Projects/Pathogenesis/Content/Mixamo/Ch10_1002_Specular.ubulk" 824
"D:/UE/UE_Projects/Pathogenesis/Content/Mixamo/Ch10_1002_Normal.uasset" 825
"D:/UE/UE_Projects/Pathogenesis/Content/Mixamo/Ch10_1002_Normal.uexp" 826
"D:/UE/UE_Projects/Pathogenesis/Content/Mixamo/Ch10_1002_Normal.ubulk" 827
"D:/UE/UE_Projects/Pathogenesis/Content/Mixamo/Ch10_1002_Glossiness.uasset" 828
"D:/UE/UE_Projects/Pathogenesis/Content/Mixamo/Ch10_1002_Glossiness.uexp" 829
"D:/UE/UE_Projects/Pathogenesis/Content/Mixamo/Ch10_1002_Glossiness.ubulk" 830
"D:/UE/UE_Projects/Pathogenesis/Content/Mixamo/Ch10_1002_Diffuse.uasset" 831
"D:/UE/UE_Projects/Pathogenesis/Content/Mixamo/Ch10_1002_Diffuse.uexp" 832
"D:/UE/UE_Projects/Pathogenesis/Content/Mixamo/Ch10_1002_Diffuse.ubulk" 833
"D:/UE/UE_Projects/Pathogenesis/Content/Mixamo/Ch10_body1.uasset" 834
"D:/UE/UE_Projects/Pathogenesis/Content/Mixamo/Ch10_body1.uexp" 835
"D:/UE/UE_Projects/Pathogenesis/Content/Mixamo/Ch10_1001_Specular.uasset" 836
"D:/UE/UE_Projects/Pathogenesis/Content/Mixamo/Ch10_1001_Specular.uexp" 837
"D:/UE/UE_Projects/Pathogenesis/Content/Mixamo/Ch10_1001_Specular.ubulk" 838
"D:/UE/UE_Projects/Pathogenesis/Content/Mixamo/Ch10_1001_Normal.uasset" 839
"D:/UE/UE_Projects/Pathogenesis/Content/Mixamo/Ch10_1001_Normal.uexp" 840
"D:/UE/UE_Projects/Pathogenesis/Content/Mixamo/Ch10_1001_Normal.ubulk" 841
"D:/UE/UE_Projects/Pathogenesis/Content/Mixamo/Ch10_1001_Glossiness.uasset" 842
"D:/UE/UE_Projects/Pathogenesis/Content/Mixamo/Ch10_1001_Glossiness.uexp" 843
"D:/UE/UE_Projects/Pathogenesis/Content/Mixamo/Ch10_1001_Glossiness.ubulk" 844
"D:/UE/UE_Projects/Pathogenesis/Content/Mixamo/Ch10_1001_Diffuse.uasset" 845
"D:/UE/UE_Projects/Pathogenesis/Content/Mixamo/Ch10_1001_Diffuse.uexp" 846
"D:/UE/UE_Projects/Pathogenesis/Content/Mixamo/Ch10_1001_Diffuse.ubulk" 847
"D:/UE/UE_Projects/Pathogenesis/Content/Mixamo/Ch10_body.uasset" 848
"D:/UE/UE_Projects/Pathogenesis/Content/Mixamo/Ch10_body.uexp" 849
"D:/UE/UE_Projects/Pathogenesis/Content/Mixamo/Walking__1__Skeleton.uasset" 850
"D:/UE/UE_Projects/Pathogenesis/Content/Mixamo/Walking__1__Skeleton.uexp" 851
"D:/UE/UE_Projects/Pathogenesis/Content/Mixamo/Walking__1_.uasset" 852
"D:/UE/UE_Projects/Pathogenesis/Content/Mixamo/Walking__1_.uexp" 853
"D:/UE/UE_Projects/Pathogenesis/Content/Mixamo/Zombie_Attack.uasset" 854
"D:/UE/UE_Projects/Pathogenesis/Content/Mixamo/Zombie_Attack.uexp" 855
"D:/UE/UE_Projects/Pathogenesis/Content/Mixamo/Zombie_Attack_Montage.uasset" 856
"D:/UE/UE_Projects/Pathogenesis/Content/Mixamo/Zombie_Attack_Montage.uexp" 857
"D:/UE/UE_Projects/Pathogenesis/Content/Mixamo/Zombie_walk.uasset" 858
"D:/UE/UE_Projects/Pathogenesis/Content/Mixamo/Zombie_walk.uexp" 859
"D:/UE/UE_Projects/Pathogenesis/Content/Mixamo/Zombie_Run.uasset" 860
"D:/UE/UE_Projects/Pathogenesis/Content/Mixamo/Zombie_Run.uexp" 861
"D:/UE/UE_Projects/Pathogenesis/Content/Mixamo/Zombie_Idle.uasset" 862
"D:/UE/UE_Projects/Pathogenesis/Content/Mixamo/Zombie_Idle.uexp" 863
"D:/UE/UE_Projects/Pathogenesis/Content/AI/AI_Zombie/BS_Idle_Walk_Run.uasset" 864
"D:/UE/UE_Projects/Pathogenesis/Content/AI/AI_Zombie/BS_Idle_Walk_Run.uexp" 865
"D:/UE/UE_Projects/Pathogenesis/Content/AI/AI_Zombie/ABP_Zombie.uasset" 866
"D:/UE/UE_Projects/Pathogenesis/Content/AI/AI_Zombie/ABP_Zombie.uexp" 867
"D:/UE/UE_Projects/Pathogenesis/Content/AI/AI_Zombie/BP_Zombie.uasset" 868
"D:/UE/UE_Projects/Pathogenesis/Content/AI/AI_Zombie/BP_Zombie.uexp" 869
"D:/UE/UE_Projects/Pathogenesis/Content/AI/AI_Zombie/BTTask_MeleeAttack.uasset" 870
"D:/UE/UE_Projects/Pathogenesis/Content/AI/AI_Zombie/BTTask_MeleeAttack.uexp" 871
"D:/UE/UE_Projects/Pathogenesis/Content/AI/AI_Zombie/BTTask_ChasePlayer.uasset" 872
"D:/UE/UE_Projects/Pathogenesis/Content/AI/AI_Zombie/BTTask_ChasePlayer.uexp" 873
"D:/UE/UE_Projects/Pathogenesis/Content/AI/AI_Zombie/BTService_FindDistance.uasset" 874
"D:/UE/UE_Projects/Pathogenesis/Content/AI/AI_Zombie/BTService_FindDistance.uexp" 875
"D:/UE/UE_Projects/Pathogenesis/Content/AI/AI_Zombie/BT_Zombie.uasset" 876
"D:/UE/UE_Projects/Pathogenesis/Content/AI/AI_Zombie/BT_Zombie.uexp" 877
"D:/UE/UE_Projects/Pathogenesis/Content/AI/AI_Zombie/BP_AI_Controller_Zombie.uasset" 878
"D:/UE/UE_Projects/Pathogenesis/Content/AI/AI_Zombie/BP_AI_Controller_Zombie.uexp" 879
"D:/UE/UE_Projects/Pathogenesis/Content/Interfaces/BPI_Interaction.uasset" 880
"D:/UE/UE_Projects/Pathogenesis/Content/Interfaces/BPI_Interaction.uexp" 881
"D:/UE/UE_Projects/Pathogenesis/Content/UI/Inventory/WBP_InteractionPopUp.uasset" 882
"D:/UE/UE_Projects/Pathogenesis/Content/UI/Inventory/WBP_InteractionPopUp.uexp" 883
"D:/UE/UE_Projects/Pathogenesis/Content/Blueprints/Components/BP_WidgetComponent.uasset" 884
"D:/UE/UE_Projects/Pathogenesis/Content/Blueprints/Components/BP_WidgetComponent.uexp" 885
"D:/UE/UE_Projects/Pathogenesis/Content/Blueprints/BP_MagMaster.uasset" 886
"D:/UE/UE_Projects/Pathogenesis/Content/Blueprints/BP_MagMaster.uexp" 887
"D:/UE/UE_Projects/Pathogenesis/Content/TopDownCPP/Blueprints/BP_GameInstance.uasset" 888
"D:/UE/UE_Projects/Pathogenesis/Content/TopDownCPP/Blueprints/BP_GameInstance.uexp" 889
"D:/UE/UE_Projects/Pathogenesis/Content/UI/Inventory/WBP_EquipmentWidget.uasset" 890
"D:/UE/UE_Projects/Pathogenesis/Content/UI/Inventory/WBP_EquipmentWidget.uexp" 891
"D:/UE/UE_Projects/Pathogenesis/Content/Mannequin/Animations/ThirdPerson_Jump.uasset" 892
"D:/UE/UE_Projects/Pathogenesis/Content/Mannequin/Animations/ThirdPerson_Jump.uexp" 893
"D:/UE/UE_Projects/Pathogenesis/Content/Mannequin/Animations/ThirdPersonJump_Start.uasset" 894
"D:/UE/UE_Projects/Pathogenesis/Content/Mannequin/Animations/ThirdPersonJump_Start.uexp" 895
"D:/UE/UE_Projects/Pathogenesis/Content/Mannequin/Animations/ThirdPersonJump_Loop.uasset" 896
"D:/UE/UE_Projects/Pathogenesis/Content/Mannequin/Animations/ThirdPersonJump_Loop.uexp" 897
"D:/UE/UE_Projects/Pathogenesis/Content/Animations/Jog_Rt_Rifle.uasset" 898
"D:/UE/UE_Projects/Pathogenesis/Content/Animations/Jog_Rt_Rifle.uexp" 899
"D:/UE/UE_Projects/Pathogenesis/Content/Animations/Jog_Lt_Rifle.uasset" 900
"D:/UE/UE_Projects/Pathogenesis/Content/Animations/Jog_Lt_Rifle.uexp" 901
"D:/UE/UE_Projects/Pathogenesis/Content/Animations/Jog_Fwd_Rifle.uasset" 902
"D:/UE/UE_Projects/Pathogenesis/Content/Animations/Jog_Fwd_Rifle.uexp" 903
"D:/UE/UE_Projects/Pathogenesis/Content/Animations/Jog_Bwd_Rifle.uasset" 904
"D:/UE/UE_Projects/Pathogenesis/Content/Animations/Jog_Bwd_Rifle.uexp" 905
"D:/UE/UE_Projects/Pathogenesis/Content/Animations/BS_Jog.uasset" 906
"D:/UE/UE_Projects/Pathogenesis/Content/Animations/BS_Jog.uexp" 907
"D:/UE/UE_Projects/Pathogenesis/Content/Animations/AimOffset/AO_CC.uasset" 908
"D:/UE/UE_Projects/Pathogenesis/Content/Animations/AimOffset/AO_CC.uexp" 909
"D:/UE/UE_Projects/Pathogenesis/Content/Animations/AimOffset/AO_CD.uasset" 910
"D:/UE/UE_Projects/Pathogenesis/Content/Animations/AimOffset/AO_CD.uexp" 911
"D:/UE/UE_Projects/Pathogenesis/Content/Animations/AimOffset/AO_CU.uasset" 912
"D:/UE/UE_Projects/Pathogenesis/Content/Animations/AimOffset/AO_CU.uexp" 913
"D:/UE/UE_Projects/Pathogenesis/Content/Animations/AimOffset/AO_LC.uasset" 914
"D:/UE/UE_Projects/Pathogenesis/Content/Animations/AimOffset/AO_LC.uexp" 915
"D:/UE/UE_Projects/Pathogenesis/Content/Animations/AimOffset/AO_LD.uasset" 916
"D:/UE/UE_Projects/Pathogenesis/Content/Animations/AimOffset/AO_LD.uexp" 917
"D:/UE/UE_Projects/Pathogenesis/Content/Animations/AimOffset/AO_LU.uasset" 918
"D:/UE/UE_Projects/Pathogenesis/Content/Animations/AimOffset/AO_LU.uexp" 919
"D:/UE/UE_Projects/Pathogenesis/Content/Animations/AimOffset/AO_RC.uasset" 920
"D:/UE/UE_Projects/Pathogenesis/Content/Animations/AimOffset/AO_RC.uexp" 921
"D:/UE/UE_Projects/Pathogenesis/Content/Animations/AimOffset/AO_RD.uasset" 922
"D:/UE/UE_Projects/Pathogenesis/Content/Animations/AimOffset/AO_RD.uexp" 923
"D:/UE/UE_Projects/Pathogenesis/Content/Animations/AimOffset/AO_RU.uasset" 924
"D:/UE/UE_Projects/Pathogenesis/Content/Animations/AimOffset/AO_RU.uexp" 925
"D:/UE/UE_Projects/Pathogenesis/Content/Animations/AimOffset/AO_AimRifle.uasset" 926
"D:/UE/UE_Projects/Pathogenesis/Content/Animations/AimOffset/AO_AimRifle.uexp" 927
"D:/UE/UE_Projects/Pathogenesis/Content/Mannequin/Animations/ThirdPerson_AnimBP.uasset" 928
"D:/UE/UE_Projects/Pathogenesis/Content/Mannequin/Animations/ThirdPerson_AnimBP.uexp" 929
"D:/UE/UE_Projects/Pathogenesis/Content/Animations/Firing_Rifle.uasset" 930
"D:/UE/UE_Projects/Pathogenesis/Content/Animations/Firing_Rifle.uexp" 931
"D:/UE/UE_Projects/Pathogenesis/Content/Animations/Firing_Rifle_Montage.uasset" 932
"D:/UE/UE_Projects/Pathogenesis/Content/Animations/Firing_Rifle_Montage.uexp" 933
"D:/UE/UE_Projects/Pathogenesis/Content/Animations/Reloading.uasset" 934
"D:/UE/UE_Projects/Pathogenesis/Content/Animations/Reloading.uexp" 935
"D:/UE/UE_Projects/Pathogenesis/Content/Animations/Reloading_Montage.uasset" 936
"D:/UE/UE_Projects/Pathogenesis/Content/Animations/Reloading_Montage.uexp" 937
"D:/UE/UE_Projects/Pathogenesis/Content/TopDownCPP/Blueprints/TopDownCharacter.uasset" 938
"D:/UE/UE_Projects/Pathogenesis/Content/TopDownCPP/Blueprints/TopDownCharacter.uexp" 939
"D:/UE/UE_Projects/Pathogenesis/Content/FPS_Weapon_Bundle/Weapons/Meshes/Ammunition/SM_Shell_9mm_Empty.uasset" 940
"D:/UE/UE_Projects/Pathogenesis/Content/FPS_Weapon_Bundle/Weapons/Meshes/Ammunition/SM_Shell_9mm_Empty.uexp" 941
"D:/UE/UE_Projects/Pathogenesis/Content/Blueprints/BP_BulletShell.uasset" 942
"D:/UE/UE_Projects/Pathogenesis/Content/Blueprints/BP_BulletShell.uexp" 943
"D:/UE/UE_Projects/Pathogenesis/Content/Audio/TriggerClick.uasset" 944
"D:/UE/UE_Projects/Pathogenesis/Content/Audio/TriggerClick.uexp" 945
"D:/UE/UE_Projects/Pathogenesis/Content/Audio/ChamberReload.uasset" 946
"D:/UE/UE_Projects/Pathogenesis/Content/Audio/ChamberReload.uexp" 947
"D:/UE/UE_Projects/Pathogenesis/Content/Blueprints/BP_WeaponMaster.uasset" 948
"D:/UE/UE_Projects/Pathogenesis/Content/Blueprints/BP_WeaponMaster.uexp" 949
"D:/UE/UE_Projects/Pathogenesis/Content/Blueprints/DataAsset/Weapons/DA_Uzi.uasset" 950
"D:/UE/UE_Projects/Pathogenesis/Content/Blueprints/DataAsset/Weapons/DA_Uzi.uexp" 951
"D:/UE/UE_Projects/Pathogenesis/Content/FPS_Weapon_Bundle/Weapons/Meshes/AR4/SK_AR4_Skeleton.uasset" 952
"D:/UE/UE_Projects/Pathogenesis/Content/FPS_Weapon_Bundle/Weapons/Meshes/AR4/SK_AR4_Skeleton.uexp" 953
"D:/UE/UE_Projects/Pathogenesis/Content/FPS_Weapon_Bundle/Weapons/Meshes/AR4/SK_AR4_Physics.uasset" 954
"D:/UE/UE_Projects/Pathogenesis/Content/FPS_Weapon_Bundle/Weapons/Meshes/AR4/SK_AR4_Physics.uexp" 955
"D:/UE/UE_Projects/Pathogenesis/Content/FPS_Weapon_Bundle/Weapons/Textures/AR4/T_AR4_NRM.uasset" 956
"D:/UE/UE_Projects/Pathogenesis/Content/FPS_Weapon_Bundle/Weapons/Textures/AR4/T_AR4_NRM.uexp" 957
"D:/UE/UE_Projects/Pathogenesis/Content/FPS_Weapon_Bundle/Weapons/Textures/AR4/T_AR4_NRM.ubulk" 958
"D:/UE/UE_Projects/Pathogenesis/Content/FPS_Weapon_Bundle/Weapons/Textures/AR4/T_AR4_M_MSK.uasset" 959
"D:/UE/UE_Projects/Pathogenesis/Content/FPS_Weapon_Bundle/Weapons/Textures/AR4/T_AR4_M_MSK.uexp" 960
"D:/UE/UE_Projects/Pathogenesis/Content/FPS_Weapon_Bundle/Weapons/Textures/AR4/T_AR4_M_MSK.ubulk" 961
"D:/UE/UE_Projects/Pathogenesis/Content/FPS_Weapon_Bundle/Weapons/Textures/AR4/T_AR4_ALB.uasset" 962
"D:/UE/UE_Projects/Pathogenesis/Content/FPS_Weapon_Bundle/Weapons/Textures/AR4/T_AR4_ALB.uexp" 963
"D:/UE/UE_Projects/Pathogenesis/Content/FPS_Weapon_Bundle/Weapons/Textures/AR4/T_AR4_ALB.ubulk" 964
"D:/UE/UE_Projects/Pathogenesis/Content/FPS_Weapon_Bundle/Weapons/Materials/AR4/M_AR4.uasset" 965
"D:/UE/UE_Projects/Pathogenesis/Content/FPS_Weapon_Bundle/Weapons/Materials/AR4/M_AR4.uexp" 966
"D:/UE/UE_Projects/Pathogenesis/Content/FPS_Weapon_Bundle/Weapons/Meshes/AR4/SK_AR4.uasset" 967
"D:/UE/UE_Projects/Pathogenesis/Content/FPS_Weapon_Bundle/Weapons/Meshes/AR4/SK_AR4.uexp" 968
"D:/UE/UE_Projects/Pathogenesis/Content/Blueprints/DataAsset/Weapons/DA_M16.uasset" 969
"D:/UE/UE_Projects/Pathogenesis/Content/Blueprints/DataAsset/Weapons/DA_M16.uexp" 970
"D:/UE/UE_Projects/Pathogenesis/Content/FPS_Weapon_Bundle/Weapons/Meshes/KA74U/SK_KA74U_Y_Skeleton.uasset" 971
"D:/UE/UE_Projects/Pathogenesis/Content/FPS_Weapon_Bundle/Weapons/Meshes/KA74U/SK_KA74U_Y_Skeleton.uexp" 972
"D:/UE/UE_Projects/Pathogenesis/Content/FPS_Weapon_Bundle/Weapons/Meshes/KA74U/SK_KA74U_Y_Physics.uasset" 973
"D:/UE/UE_Projects/Pathogenesis/Content/FPS_Weapon_Bundle/Weapons/Meshes/KA74U/SK_KA74U_Y_Physics.uexp" 974
"D:/UE/UE_Projects/Pathogenesis/Content/FPS_Weapon_Bundle/Weapons/Materials/KA74U/M_KA74U.uasset" 975
"D:/UE/UE_Projects/Pathogenesis/Content/FPS_Weapon_Bundle/Weapons/Materials/KA74U/M_KA74U.uexp" 976
"D:/UE/UE_Projects/Pathogenesis/Content/FPS_Weapon_Bundle/Weapons/Meshes/KA74U/SK_KA74U_Y.uasset" 977
"D:/UE/UE_Projects/Pathogenesis/Content/FPS_Weapon_Bundle/Weapons/Meshes/KA74U/SK_KA74U_Y.uexp" 978
"D:/UE/UE_Projects/Pathogenesis/Content/Blueprints/DataAsset/Weapons/DA_AK.uasset" 979
"D:/UE/UE_Projects/Pathogenesis/Content/Blueprints/DataAsset/Weapons/DA_AK.uexp" 980
"D:/UE/UE_Projects/Pathogenesis/Content/Material/Wood.uasset" 981
"D:/UE/UE_Projects/Pathogenesis/Content/Material/Wood.uexp" 982
"D:/UE/UE_Projects/Pathogenesis/Content/StarterContent/Textures/T_Wood_Oak_N.uasset" 983
"D:/UE/UE_Projects/Pathogenesis/Content/StarterContent/Textures/T_Wood_Oak_N.uexp" 984
"D:/UE/UE_Projects/Pathogenesis/Content/StarterContent/Textures/T_Wood_Oak_N.ubulk" 985
"D:/UE/UE_Projects/Pathogenesis/Content/StarterContent/Textures/T_Wood_Oak_D.uasset" 986
"D:/UE/UE_Projects/Pathogenesis/Content/StarterContent/Textures/T_Wood_Oak_D.uexp" 987
"D:/UE/UE_Projects/Pathogenesis/Content/StarterContent/Textures/T_Wood_Oak_D.ubulk" 988
"D:/UE/UE_Projects/Pathogenesis/Content/StarterContent/Materials/M_Wood_Oak.uasset" 989
"D:/UE/UE_Projects/Pathogenesis/Content/StarterContent/Materials/M_Wood_Oak.uexp" 990
"D:/UE/UE_Projects/Pathogenesis/Content/Blueprints/DataAsset/Walls/WoodWall.uasset" 991
"D:/UE/UE_Projects/Pathogenesis/Content/Blueprints/DataAsset/Walls/WoodWall.uexp" 992
"D:/UE/UE_Projects/Pathogenesis/Content/Material/Concrete.uasset" 993
"D:/UE/UE_Projects/Pathogenesis/Content/Material/Concrete.uexp" 994
"D:/UE/UE_Projects/Pathogenesis/Content/StarterContent/Textures/T_Concrete_Panels_N.uasset" 995
"D:/UE/UE_Projects/Pathogenesis/Content/StarterContent/Textures/T_Concrete_Panels_N.uexp" 996
"D:/UE/UE_Projects/Pathogenesis/Content/StarterContent/Textures/T_Concrete_Panels_N.ubulk" 997
"D:/UE/UE_Projects/Pathogenesis/Content/StarterContent/Textures/T_Concrete_Panels_D.uasset" 998
"D:/UE/UE_Projects/Pathogenesis/Content/StarterContent/Textures/T_Concrete_Panels_D.uexp" 999
"D:/UE/UE_Projects/Pathogenesis/Content/StarterContent/Textures/T_Concrete_Panels_D.ubulk" 1000
"D:/UE/UE_Projects/Pathogenesis/Content/StarterContent/Textures/T_Perlin_Noise_M.uasset" 1001
"D:/UE/UE_Projects/Pathogenesis/Content/StarterContent/Textures/T_Perlin_Noise_M.uexp" 1002
"D:/UE/UE_Projects/Pathogenesis/Content/StarterContent/Textures/T_Perlin_Noise_M.ubulk" 1003
"D:/UE/UE_Projects/Pathogenesis/Content/StarterContent/Materials/M_Concrete_Panels.uasset" 1004
"D:/UE/UE_Projects/Pathogenesis/Content/StarterContent/Materials/M_Concrete_Panels.uexp" 1005
"D:/UE/UE_Projects/Pathogenesis/Content/Blueprints/DataAsset/Walls/ConcreteWall.uasset" 1006
"D:/UE/UE_Projects/Pathogenesis/Content/Blueprints/DataAsset/Walls/ConcreteWall.uexp" 1007
"../../../Engine/Content/Functions/Engine_MaterialFunctions02/Texturing/CustomRotator.uasset" 1008
"../../../Engine/Content/Functions/Engine_MaterialFunctions02/Texturing/CustomRotator.uexp" 1009
"../../../Engine/Plugins/Enterprise/DatasmithContent/Content/Materials/FBXImporter/DeltaGenUVEdit.uasset" 1010
"../../../Engine/Plugins/Enterprise/DatasmithContent/Content/Materials/FBXImporter/DeltaGenUVEdit.uexp" 1011
"../../../Engine/Content/Functions/Engine_MaterialFunctions01/Texturing/FlattenNormal.uasset" 1012
"../../../Engine/Content/Functions/Engine_MaterialFunctions01/Texturing/FlattenNormal.uexp" 1013
"../../../Engine/Plugins/Enterprise/DatasmithContent/Content/Materials/FBXImporter/DeltaGenBase.uasset" 1014
"../../../Engine/Plugins/Enterprise/DatasmithContent/Content/Materials/FBXImporter/DeltaGenBase.uexp" 1015
"../../../Engine/Plugins/Enterprise/DatasmithContent/Content/Materials/FBXImporter/DeltaGenMasterTransparent.uasset" 1016
"../../../Engine/Plugins/Enterprise/DatasmithContent/Content/Materials/FBXImporter/DeltaGenMasterTransparent.uexp" 1017
"D:/UE/UE_Projects/Pathogenesis/Content/FPS_Weapon_Bundle/Weapons/Meshes/Ammunition/9mm_Bullet.uasset" 1018
"D:/UE/UE_Projects/Pathogenesis/Content/FPS_Weapon_Bundle/Weapons/Meshes/Ammunition/9mm_Bullet.uexp" 1019
"D:/UE/UE_Projects/Pathogenesis/Content/Blueprints/BP_AmmoMaster.uasset" 1020
"D:/UE/UE_Projects/Pathogenesis/Content/Blueprints/BP_AmmoMaster.uexp" 1021
"D:/UE/UE_Projects/Pathogenesis/Content/Blueprints/DataAsset/Ammo/DA_9mm.uasset" 1022
"D:/UE/UE_Projects/Pathogenesis/Content/Blueprints/DataAsset/Ammo/DA_9mm.uexp" 1023
"../../../Engine/Content/EngineDebugMaterials/VertexColorViewMode_GreenOnly.uasset" 1024
"../../../Engine/Content/EngineDebugMaterials/VertexColorViewMode_GreenOnly.uexp" 1025
"D:/UE/UE_Projects/Pathogenesis/Content/Blueprints/DataAsset/Ammo/DA_556mm.uasset" 1026
"D:/UE/UE_Projects/Pathogenesis/Content/Blueprints/DataAsset/Ammo/DA_556mm.uexp" 1027
"../../../Engine/Content/EngineDebugMaterials/VertexColorViewMode_RedOnly.uasset" 1028
"../../../Engine/Content/EngineDebugMaterials/VertexColorViewMode_RedOnly.uexp" 1029
"D:/UE/UE_Projects/Pathogenesis/Content/Blueprints/DataAsset/Ammo/DA_545mm.uasset" 1030
"D:/UE/UE_Projects/Pathogenesis/Content/Blueprints/DataAsset/Ammo/DA_545mm.uexp" 1031
"../../../Engine/Content/EngineSky/T_Sky_Stars.uasset" 1032
"../../../Engine/Content/EngineSky/T_Sky_Stars.uexp" 1033
"../../../Engine/Content/EngineSky/T_Sky_Stars.ubulk" 1034
"../../../Engine/Content/EngineSky/T_Sky_Clouds_M.uasset" 1035
"../../../Engine/Content/EngineSky/T_Sky_Clouds_M.uexp" 1036
"../../../Engine/Content/EngineSky/T_Sky_Clouds_M.ubulk" 1037
"../../../Engine/Content/EngineSky/T_Sky_Blue.uasset" 1038
"../../../Engine/Content/EngineSky/T_Sky_Blue.uexp" 1039
"../../../Engine/Content/EngineSky/T_Sky_Blue.ubulk" 1040
"../../../Engine/Content/EngineSky/M_Sky_Panning_Clouds2.uasset" 1041
"../../../Engine/Content/EngineSky/M_Sky_Panning_Clouds2.uexp" 1042
"../../../Engine/Content/EngineSky/SM_SkySphere.uasset" 1043
"../../../Engine/Content/EngineSky/SM_SkySphere.uexp" 1044
"../../../Engine/Content/EngineSky/C_Sky_Zenith_Color.uasset" 1045
"../../../Engine/Content/EngineSky/C_Sky_Zenith_Color.uexp" 1046
"../../../Engine/Content/EngineSky/C_Sky_Horizon_Color.uasset" 1047
"../../../Engine/Content/EngineSky/C_Sky_Horizon_Color.uexp" 1048
"../../../Engine/Content/EngineSky/C_Sky_Cloud_Color.uasset" 1049
"../../../Engine/Content/EngineSky/C_Sky_Cloud_Color.uexp" 1050
"../../../Engine/Content/EngineSky/BP_Sky_Sphere.uasset" 1051
"../../../Engine/Content/EngineSky/BP_Sky_Sphere.uexp" 1052
"D:/UE/UE_Projects/Pathogenesis/Content/FPS_Weapon_Bundle/Weapons/Meshes/SMG11/SM_SMG11_Mag_X.uasset" 1053
"D:/UE/UE_Projects/Pathogenesis/Content/FPS_Weapon_Bundle/Weapons/Meshes/SMG11/SM_SMG11_Mag_X.uexp" 1054
"D:/UE/UE_Projects/Pathogenesis/Content/Blueprints/DataAsset/Mags/DA_9mmMag.uasset" 1055
"D:/UE/UE_Projects/Pathogenesis/Content/Blueprints/DataAsset/Mags/DA_9mmMag.uexp" 1056
"D:/UE/UE_Projects/Pathogenesis/Content/FPS_Weapon_Bundle/Weapons/Meshes/AR4/SM_AR4_Mag_Empty.uasset" 1057
"D:/UE/UE_Projects/Pathogenesis/Content/FPS_Weapon_Bundle/Weapons/Meshes/AR4/SM_AR4_Mag_Empty.uexp" 1058
"D:/UE/UE_Projects/Pathogenesis/Content/Blueprints/DataAsset/Mags/DA_556Mag.uasset" 1059
"D:/UE/UE_Projects/Pathogenesis/Content/Blueprints/DataAsset/Mags/DA_556Mag.uexp" 1060
"D:/UE/UE_Projects/Pathogenesis/Content/FPS_Weapon_Bundle/Weapons/Meshes/Ka47/SM_KA47_Mag.uasset" 1061
"D:/UE/UE_Projects/Pathogenesis/Content/FPS_Weapon_Bundle/Weapons/Meshes/Ka47/SM_KA47_Mag.uexp" 1062
"D:/UE/UE_Projects/Pathogenesis/Content/Blueprints/DataAsset/Mags/DA_545mmMag.uasset" 1063
"D:/UE/UE_Projects/Pathogenesis/Content/Blueprints/DataAsset/Mags/DA_545mmMag.uexp" 1064
"D:/UE/UE_Projects/Pathogenesis/Content/Maps/TestMap.uexp" 1065
"D:/UE/UE_Projects/Pathogenesis/Content/Maps/TestMap.umap" 1066
"../../../Engine/Content/Maps/Entry_BuiltData.uasset" 1067
"../../../Engine/Content/Maps/Entry_BuiltData.uexp" 1068
"../../../Engine/Content/Maps/Entry.uexp" 1069
"../../../Engine/Content/Maps/Entry.umap" 1070
